{"C:\\Users\\Marthijn\\Documents\\School\\CSRaceInRest\\config\\testdatabase.js":{"path":"C:\\Users\\Marthijn\\Documents\\School\\CSRaceInRest\\config\\testdatabase.js","s":{"1":1},"b":{},"f":{},"fnMap":{},"statementMap":{"1":{"start":{"line":1,"column":0},"end":{"line":3,"column":2}}},"branchMap":{}},"C:\\Users\\Marthijn\\Documents\\School\\CSRaceInRest\\config\\passport.js":{"path":"C:\\Users\\Marthijn\\Documents\\School\\CSRaceInRest\\config\\passport.js","s":{"1":1,"2":1,"3":1,"4":1,"5":1,"6":1,"7":1,"8":1,"9":0,"10":0,"11":1,"12":1,"13":1,"14":1,"15":0,"16":1,"17":1,"18":0,"19":0,"20":0,"21":0,"22":0,"23":0,"24":0,"25":1,"26":1,"27":1,"28":0,"29":1,"30":0,"31":1,"32":0,"33":1,"34":1,"35":0,"36":0,"37":0,"38":0,"39":0,"40":0,"41":0,"42":0,"43":0,"44":0,"45":0,"46":0,"47":0,"48":0,"49":0,"50":0,"51":0,"52":0,"53":0,"54":0,"55":0,"56":0,"57":0,"58":0,"59":0},"b":{"1":[0,1],"2":[1,0],"3":[0,0],"4":[0,1],"5":[0,1],"6":[0,1],"7":[0,0],"8":[0,0],"9":[0,0],"10":[0,0],"11":[0,0]},"f":{"1":1,"2":1,"3":0,"4":0,"5":1,"6":1,"7":1,"8":0,"9":1,"10":1,"11":0,"12":0,"13":0,"14":0,"15":0},"fnMap":{"1":{"name":"(anonymous_1)","line":12,"loc":{"start":{"line":12,"column":17},"end":{"line":12,"column":36}}},"2":{"name":"(anonymous_2)","line":21,"loc":{"start":{"line":21,"column":27},"end":{"line":21,"column":48}}},"3":{"name":"(anonymous_3)","line":26,"loc":{"start":{"line":26,"column":29},"end":{"line":26,"column":48}}},"4":{"name":"(anonymous_4)","line":27,"loc":{"start":{"line":27,"column":26},"end":{"line":27,"column":46}}},"5":{"name":"(anonymous_5)","line":44,"loc":{"start":{"line":44,"column":4},"end":{"line":44,"column":41}}},"6":{"name":"(anonymous_6)","line":48,"loc":{"start":{"line":48,"column":25},"end":{"line":48,"column":36}}},"7":{"name":"(anonymous_7)","line":52,"loc":{"start":{"line":52,"column":49},"end":{"line":52,"column":69}}},"8":{"name":"(anonymous_8)","line":71,"loc":{"start":{"line":71,"column":29},"end":{"line":71,"column":43}}},"9":{"name":"(anonymous_9)","line":95,"loc":{"start":{"line":95,"column":4},"end":{"line":95,"column":41}}},"10":{"name":"(anonymous_10)","line":99,"loc":{"start":{"line":99,"column":49},"end":{"line":99,"column":69}}},"11":{"name":"(anonymous_11)","line":129,"loc":{"start":{"line":129,"column":4},"end":{"line":129,"column":54}}},"12":{"name":"(anonymous_12)","line":133,"loc":{"start":{"line":133,"column":25},"end":{"line":133,"column":36}}},"13":{"name":"(anonymous_13)","line":139,"loc":{"start":{"line":139,"column":59},"end":{"line":139,"column":79}}},"14":{"name":"(anonymous_14)","line":158,"loc":{"start":{"line":158,"column":37},"end":{"line":158,"column":51}}},"15":{"name":"(anonymous_15)","line":177,"loc":{"start":{"line":177,"column":26},"end":{"line":177,"column":40}}}},"statementMap":{"1":{"start":{"line":2,"column":0},"end":{"line":2,"column":57}},"2":{"start":{"line":3,"column":0},"end":{"line":3,"column":69}},"3":{"start":{"line":6,"column":0},"end":{"line":6,"column":52}},"4":{"start":{"line":9,"column":0},"end":{"line":9,"column":35}},"5":{"start":{"line":12,"column":0},"end":{"line":186,"column":2}},"6":{"start":{"line":21,"column":4},"end":{"line":23,"column":7}},"7":{"start":{"line":22,"column":8},"end":{"line":22,"column":28}},"8":{"start":{"line":26,"column":4},"end":{"line":30,"column":7}},"9":{"start":{"line":27,"column":8},"end":{"line":29,"column":11}},"10":{"start":{"line":28,"column":12},"end":{"line":28,"column":28}},"11":{"start":{"line":38,"column":4},"end":{"line":82,"column":8}},"12":{"start":{"line":48,"column":8},"end":{"line":80,"column":11}},"13":{"start":{"line":52,"column":8},"end":{"line":78,"column":11}},"14":{"start":{"line":54,"column":12},"end":{"line":55,"column":33}},"15":{"start":{"line":55,"column":16},"end":{"line":55,"column":33}},"16":{"start":{"line":58,"column":12},"end":{"line":76,"column":13}},"17":{"start":{"line":59,"column":16},"end":{"line":59,"column":101}},"18":{"start":{"line":64,"column":16},"end":{"line":64,"column":52}},"19":{"start":{"line":67,"column":16},"end":{"line":67,"column":47}},"20":{"start":{"line":68,"column":16},"end":{"line":68,"column":72}},"21":{"start":{"line":71,"column":16},"end":{"line":75,"column":19}},"22":{"start":{"line":72,"column":20},"end":{"line":73,"column":34}},"23":{"start":{"line":73,"column":24},"end":{"line":73,"column":34}},"24":{"start":{"line":74,"column":20},"end":{"line":74,"column":47}},"25":{"start":{"line":89,"column":4},"end":{"line":116,"column":8}},"26":{"start":{"line":99,"column":8},"end":{"line":114,"column":11}},"27":{"start":{"line":101,"column":12},"end":{"line":102,"column":33}},"28":{"start":{"line":102,"column":16},"end":{"line":102,"column":33}},"29":{"start":{"line":105,"column":12},"end":{"line":106,"column":86}},"30":{"start":{"line":106,"column":16},"end":{"line":106,"column":86}},"31":{"start":{"line":109,"column":12},"end":{"line":110,"column":93}},"32":{"start":{"line":110,"column":16},"end":{"line":110,"column":93}},"33":{"start":{"line":113,"column":12},"end":{"line":113,"column":36}},"34":{"start":{"line":121,"column":4},"end":{"line":185,"column":8}},"35":{"start":{"line":133,"column":8},"end":{"line":183,"column":11}},"36":{"start":{"line":136,"column":12},"end":{"line":182,"column":13}},"37":{"start":{"line":139,"column":16},"end":{"line":164,"column":19}},"38":{"start":{"line":140,"column":20},"end":{"line":141,"column":41}},"39":{"start":{"line":141,"column":24},"end":{"line":141,"column":41}},"40":{"start":{"line":143,"column":20},"end":{"line":163,"column":21}},"41":{"start":{"line":146,"column":24},"end":{"line":146,"column":48}},"42":{"start":{"line":149,"column":24},"end":{"line":149,"column":58}},"43":{"start":{"line":152,"column":24},"end":{"line":152,"column":58}},"44":{"start":{"line":153,"column":24},"end":{"line":153,"column":53}},"45":{"start":{"line":154,"column":24},"end":{"line":154,"column":67}},"46":{"start":{"line":155,"column":24},"end":{"line":155,"column":71}},"47":{"start":{"line":158,"column":24},"end":{"line":162,"column":27}},"48":{"start":{"line":159,"column":28},"end":{"line":160,"column":42}},"49":{"start":{"line":160,"column":32},"end":{"line":160,"column":42}},"50":{"start":{"line":161,"column":28},"end":{"line":161,"column":55}},"51":{"start":{"line":168,"column":16},"end":{"line":168,"column":47}},"52":{"start":{"line":171,"column":16},"end":{"line":171,"column":47}},"53":{"start":{"line":172,"column":16},"end":{"line":172,"column":42}},"54":{"start":{"line":173,"column":16},"end":{"line":173,"column":56}},"55":{"start":{"line":174,"column":16},"end":{"line":174,"column":60}},"56":{"start":{"line":177,"column":16},"end":{"line":181,"column":19}},"57":{"start":{"line":178,"column":20},"end":{"line":179,"column":34}},"58":{"start":{"line":179,"column":24},"end":{"line":179,"column":34}},"59":{"start":{"line":180,"column":20},"end":{"line":180,"column":44}}},"branchMap":{"1":{"line":54,"type":"if","locations":[{"start":{"line":54,"column":12},"end":{"line":54,"column":12}},{"start":{"line":54,"column":12},"end":{"line":54,"column":12}}]},"2":{"line":58,"type":"if","locations":[{"start":{"line":58,"column":12},"end":{"line":58,"column":12}},{"start":{"line":58,"column":12},"end":{"line":58,"column":12}}]},"3":{"line":72,"type":"if","locations":[{"start":{"line":72,"column":20},"end":{"line":72,"column":20}},{"start":{"line":72,"column":20},"end":{"line":72,"column":20}}]},"4":{"line":101,"type":"if","locations":[{"start":{"line":101,"column":12},"end":{"line":101,"column":12}},{"start":{"line":101,"column":12},"end":{"line":101,"column":12}}]},"5":{"line":105,"type":"if","locations":[{"start":{"line":105,"column":12},"end":{"line":105,"column":12}},{"start":{"line":105,"column":12},"end":{"line":105,"column":12}}]},"6":{"line":109,"type":"if","locations":[{"start":{"line":109,"column":12},"end":{"line":109,"column":12}},{"start":{"line":109,"column":12},"end":{"line":109,"column":12}}]},"7":{"line":136,"type":"if","locations":[{"start":{"line":136,"column":12},"end":{"line":136,"column":12}},{"start":{"line":136,"column":12},"end":{"line":136,"column":12}}]},"8":{"line":140,"type":"if","locations":[{"start":{"line":140,"column":20},"end":{"line":140,"column":20}},{"start":{"line":140,"column":20},"end":{"line":140,"column":20}}]},"9":{"line":143,"type":"if","locations":[{"start":{"line":143,"column":20},"end":{"line":143,"column":20}},{"start":{"line":143,"column":20},"end":{"line":143,"column":20}}]},"10":{"line":159,"type":"if","locations":[{"start":{"line":159,"column":28},"end":{"line":159,"column":28}},{"start":{"line":159,"column":28},"end":{"line":159,"column":28}}]},"11":{"line":178,"type":"if","locations":[{"start":{"line":178,"column":20},"end":{"line":178,"column":20}},{"start":{"line":178,"column":20},"end":{"line":178,"column":20}}]}}},"C:\\Users\\Marthijn\\Documents\\School\\CSRaceInRest\\app\\models\\user.js":{"path":"C:\\Users\\Marthijn\\Documents\\School\\CSRaceInRest\\app\\models\\user.js","s":{"1":1,"2":1,"3":1,"4":1,"5":0,"6":1,"7":1,"8":1},"b":{},"f":{"1":0,"2":1},"fnMap":{"1":{"name":"(anonymous_1)","line":35,"loc":{"start":{"line":35,"column":34},"end":{"line":35,"column":53}}},"2":{"name":"(anonymous_2)","line":40,"loc":{"start":{"line":40,"column":35},"end":{"line":40,"column":54}}}},"statementMap":{"1":{"start":{"line":2,"column":0},"end":{"line":2,"column":35}},"2":{"start":{"line":3,"column":0},"end":{"line":3,"column":40}},"3":{"start":{"line":6,"column":0},"end":{"line":31,"column":3}},"4":{"start":{"line":35,"column":0},"end":{"line":37,"column":2}},"5":{"start":{"line":36,"column":4},"end":{"line":36,"column":66}},"6":{"start":{"line":40,"column":0},"end":{"line":42,"column":2}},"7":{"start":{"line":41,"column":4},"end":{"line":41,"column":61}},"8":{"start":{"line":45,"column":0},"end":{"line":45,"column":52}}},"branchMap":{}},"C:\\Users\\Marthijn\\Documents\\School\\CSRaceInRest\\config\\auth.js":{"path":"C:\\Users\\Marthijn\\Documents\\School\\CSRaceInRest\\config\\auth.js","s":{"1":1},"b":{},"f":{},"fnMap":{},"statementMap":{"1":{"start":{"line":2,"column":0},"end":{"line":22,"column":2}}},"branchMap":{}},"C:\\Users\\Marthijn\\Documents\\School\\CSRaceInRest\\app\\routes.js":{"path":"C:\\Users\\Marthijn\\Documents\\School\\CSRaceInRest\\app\\routes.js","s":{"1":1,"2":1,"3":1,"4":1,"5":1,"6":1,"7":1,"8":1,"9":1,"10":1,"11":1,"12":1,"13":1,"14":0,"15":0,"16":0,"17":0,"18":0,"19":0,"20":0,"21":1,"22":0,"23":1,"24":0,"25":1,"26":1,"27":0,"28":1,"29":1,"30":0,"31":1,"32":1,"33":1,"34":1,"35":1,"36":1,"37":1,"38":1,"39":1,"40":1,"41":0,"42":1,"43":1,"44":1,"45":1,"46":0,"47":1,"48":1,"49":1,"50":1,"51":0,"52":0,"53":1,"54":1,"55":1,"56":1,"57":0,"58":1,"59":1,"60":1,"61":1,"62":1,"63":1,"64":1,"65":0,"66":1,"67":1,"68":0,"69":1,"70":1,"71":1,"72":1,"73":1,"74":0,"75":1,"76":1,"77":1,"78":0,"79":0,"80":0,"81":0,"82":0,"83":0,"84":0,"85":0,"86":0,"87":0,"88":0,"89":0,"90":0,"91":0,"92":0,"93":0,"94":0,"95":0,"96":0,"97":0,"98":0,"99":0,"100":1,"101":0,"102":0,"103":0,"104":0,"105":0,"106":0,"107":0,"108":0,"109":0,"110":0,"111":0,"112":0,"113":0,"114":0,"115":0,"116":0,"117":0,"118":0,"119":0,"120":0,"121":0,"122":0,"123":0,"124":0,"125":0,"126":0,"127":1,"128":0,"129":0,"130":0,"131":0,"132":0,"133":0,"134":0,"135":0,"136":0,"137":0,"138":1,"139":0,"140":0,"141":0,"142":0,"143":0,"144":0,"145":0,"146":0,"147":0,"148":0,"149":0,"150":1,"151":0,"152":0,"153":0,"154":0,"155":0,"156":0,"157":0,"158":0,"159":0,"160":0,"161":0,"162":0,"163":0,"164":0,"165":0,"166":0,"167":0,"168":0,"169":0,"170":0,"171":0,"172":0,"173":0,"174":0,"175":0,"176":0,"177":0,"178":0,"179":0,"180":0,"181":0,"182":0,"183":0,"184":0,"185":0,"186":0,"187":0,"188":0,"189":0,"190":0,"191":0,"192":0,"193":0,"194":0,"195":0,"196":1,"197":0,"198":0,"199":0,"200":0,"201":0,"202":0,"203":0,"204":0,"205":0,"206":0,"207":0,"208":0,"209":0,"210":0,"211":0,"212":0,"213":0,"214":0,"215":0,"216":0,"217":0,"218":0,"219":0,"220":0,"221":0,"222":0,"223":0,"224":0,"225":0,"226":0,"227":0,"228":0,"229":1,"230":0,"231":0,"232":0,"233":0,"234":0,"235":0,"236":0,"237":0,"238":0,"239":0,"240":0,"241":0,"242":0,"243":0,"244":0,"245":0,"246":0,"247":0,"248":0,"249":0,"250":0,"251":1,"252":0,"253":0,"254":0,"255":0,"256":0,"257":0,"258":0,"259":0,"260":0,"261":0,"262":0,"263":0,"264":0,"265":0,"266":0,"267":0,"268":0,"269":0,"270":1,"271":0,"272":0,"273":0,"274":0,"275":0,"276":0,"277":0,"278":0,"279":1,"280":0,"281":0,"282":0,"283":0,"284":0,"285":0,"286":0,"287":1,"288":0,"289":0,"290":0,"291":0,"292":0,"293":0,"294":0,"295":1,"296":3,"297":0,"298":3,"299":3},"b":{"1":[0,1],"2":[0,1],"3":[0,1],"4":[0,1],"5":[1,0],"6":[0,1],"7":[0,1],"8":[0,1],"9":[0,0],"10":[0,0],"11":[0,0],"12":[0,0],"13":[0,0],"14":[0,0],"15":[0,0],"16":[0,0],"17":[0,0],"18":[0,0],"19":[0,0],"20":[0,0],"21":[0,0],"22":[0,0],"23":[0,0],"24":[0,0],"25":[0,0],"26":[0,0],"27":[0,0],"28":[0,0],"29":[0,0],"30":[0,0],"31":[0,0],"32":[0,0],"33":[0,0],"34":[0,0],"35":[0,0],"36":[0,0],"37":[0,0],"38":[0,0],"39":[0,0],"40":[0,0],"41":[0,0],"42":[0,0],"43":[0,0],"44":[0,0,0,0,0],"45":[0,0],"46":[0,0],"47":[0,0],"48":[0,0],"49":[0,0],"50":[0,0],"51":[0,0],"52":[0,0],"53":[0,0],"54":[0,0],"55":[0,0],"56":[0,0],"57":[0,3]},"f":{"1":1,"2":0,"3":0,"4":0,"5":0,"6":0,"7":0,"8":0,"9":1,"10":1,"11":1,"12":1,"13":1,"14":1,"15":1,"16":1,"17":1,"18":1,"19":1,"20":1,"21":0,"22":0,"23":0,"24":0,"25":0,"26":0,"27":0,"28":0,"29":0,"30":0,"31":0,"32":0,"33":0,"34":0,"35":0,"36":0,"37":0,"38":0,"39":0,"40":0,"41":0,"42":0,"43":0,"44":0,"45":0,"46":0,"47":0,"48":0,"49":0,"50":0,"51":0,"52":0,"53":0,"54":0,"55":0,"56":0,"57":0,"58":0,"59":0,"60":3},"fnMap":{"1":{"name":"(anonymous_1)","line":17,"loc":{"start":{"line":17,"column":17},"end":{"line":17,"column":41}}},"2":{"name":"(anonymous_2)","line":19,"loc":{"start":{"line":19,"column":29},"end":{"line":19,"column":44}}},"3":{"name":"(anonymous_3)","line":22,"loc":{"start":{"line":22,"column":24},"end":{"line":22,"column":38}}},"4":{"name":"(anonymous_4)","line":26,"loc":{"start":{"line":26,"column":25},"end":{"line":26,"column":49}}},"5":{"name":"(anonymous_5)","line":34,"loc":{"start":{"line":34,"column":17},"end":{"line":34,"column":36}}},"6":{"name":"(anonymous_6)","line":42,"loc":{"start":{"line":42,"column":22},"end":{"line":42,"column":41}}},"7":{"name":"(anonymous_7)","line":58,"loc":{"start":{"line":58,"column":23},"end":{"line":58,"column":42}}},"8":{"name":"(anonymous_8)","line":75,"loc":{"start":{"line":75,"column":36},"end":{"line":75,"column":55}}},"9":{"name":"(anonymous_9)","line":84,"loc":{"start":{"line":84,"column":23},"end":{"line":84,"column":42}}},"10":{"name":"(anonymous_10)","line":120,"loc":{"start":{"line":120,"column":29},"end":{"line":120,"column":48}}},"11":{"name":"(anonymous_11)","line":121,"loc":{"start":{"line":121,"column":50},"end":{"line":121,"column":71}}},"12":{"name":"(anonymous_12)","line":130,"loc":{"start":{"line":130,"column":26},"end":{"line":130,"column":45}}},"13":{"name":"(anonymous_13)","line":131,"loc":{"start":{"line":131,"column":25},"end":{"line":131,"column":46}}},"14":{"name":"(anonymous_14)","line":140,"loc":{"start":{"line":140,"column":27},"end":{"line":140,"column":46}}},"15":{"name":"(anonymous_15)","line":152,"loc":{"start":{"line":152,"column":22},"end":{"line":152,"column":42}}},"16":{"name":"(anonymous_16)","line":163,"loc":{"start":{"line":163,"column":31},"end":{"line":163,"column":50}}},"17":{"name":"(anonymous_17)","line":164,"loc":{"start":{"line":164,"column":50},"end":{"line":164,"column":71}}},"18":{"name":"(anonymous_18)","line":172,"loc":{"start":{"line":172,"column":23},"end":{"line":172,"column":37}}},"19":{"name":"(anonymous_19)","line":184,"loc":{"start":{"line":184,"column":32},"end":{"line":184,"column":51}}},"20":{"name":"(anonymous_20)","line":185,"loc":{"start":{"line":185,"column":49},"end":{"line":185,"column":63}}},"21":{"name":"(anonymous_21)","line":196,"loc":{"start":{"line":196,"column":33},"end":{"line":196,"column":52}}},"22":{"name":"(anonymous_22)","line":202,"loc":{"start":{"line":202,"column":50},"end":{"line":202,"column":74}}},"23":{"name":"(anonymous_23)","line":208,"loc":{"start":{"line":208,"column":35},"end":{"line":208,"column":60}}},"24":{"name":"(anonymous_24)","line":214,"loc":{"start":{"line":214,"column":74},"end":{"line":214,"column":101}}},"25":{"name":"(anonymous_25)","line":224,"loc":{"start":{"line":224,"column":70},"end":{"line":224,"column":101}}},"26":{"name":"(anonymous_26)","line":247,"loc":{"start":{"line":247,"column":45},"end":{"line":247,"column":64}}},"27":{"name":"(anonymous_27)","line":251,"loc":{"start":{"line":251,"column":50},"end":{"line":251,"column":71}}},"28":{"name":"(anonymous_28)","line":257,"loc":{"start":{"line":257,"column":62},"end":{"line":257,"column":89}}},"29":{"name":"(anonymous_29)","line":269,"loc":{"start":{"line":269,"column":62},"end":{"line":269,"column":84}}},"30":{"name":"(anonymous_30)","line":307,"loc":{"start":{"line":307,"column":44},"end":{"line":307,"column":63}}},"31":{"name":"(anonymous_31)","line":308,"loc":{"start":{"line":308,"column":50},"end":{"line":308,"column":71}}},"32":{"name":"(anonymous_32)","line":315,"loc":{"start":{"line":315,"column":31},"end":{"line":315,"column":45}}},"33":{"name":"(anonymous_33)","line":331,"loc":{"start":{"line":331,"column":43},"end":{"line":331,"column":62}}},"34":{"name":"(anonymous_34)","line":332,"loc":{"start":{"line":332,"column":50},"end":{"line":332,"column":71}}},"35":{"name":"(anonymous_35)","line":341,"loc":{"start":{"line":341,"column":31},"end":{"line":341,"column":45}}},"36":{"name":"(anonymous_36)","line":357,"loc":{"start":{"line":357,"column":47},"end":{"line":357,"column":66}}},"37":{"name":"(anonymous_37)","line":361,"loc":{"start":{"line":361,"column":50},"end":{"line":361,"column":71}}},"38":{"name":"(anonymous_38)","line":367,"loc":{"start":{"line":367,"column":62},"end":{"line":367,"column":89}}},"39":{"name":"(anonymous_39)","line":383,"loc":{"start":{"line":383,"column":62},"end":{"line":383,"column":84}}},"40":{"name":"(anonymous_40)","line":410,"loc":{"start":{"line":410,"column":78},"end":{"line":410,"column":104}}},"41":{"name":"(anonymous_41)","line":452,"loc":{"start":{"line":452,"column":42},"end":{"line":452,"column":61}}},"42":{"name":"(anonymous_42)","line":455,"loc":{"start":{"line":455,"column":50},"end":{"line":455,"column":71}}},"43":{"name":"(anonymous_43)","line":462,"loc":{"start":{"line":462,"column":66},"end":{"line":462,"column":92}}},"44":{"name":"(anonymous_44)","line":469,"loc":{"start":{"line":469,"column":74},"end":{"line":469,"column":101}}},"45":{"name":"(anonymous_45)","line":481,"loc":{"start":{"line":481,"column":74},"end":{"line":481,"column":96}}},"46":{"name":"(anonymous_46)","line":527,"loc":{"start":{"line":527,"column":49},"end":{"line":527,"column":68}}},"47":{"name":"(anonymous_47)","line":545,"loc":{"start":{"line":545,"column":50},"end":{"line":545,"column":71}}},"48":{"name":"(anonymous_48)","line":551,"loc":{"start":{"line":551,"column":29},"end":{"line":551,"column":61}}},"49":{"name":"(anonymous_49)","line":570,"loc":{"start":{"line":570,"column":56},"end":{"line":570,"column":75}}},"50":{"name":"(anonymous_50)","line":577,"loc":{"start":{"line":577,"column":50},"end":{"line":577,"column":71}}},"51":{"name":"(anonymous_51)","line":584,"loc":{"start":{"line":584,"column":33},"end":{"line":584,"column":65}}},"52":{"name":"(anonymous_52)","line":591,"loc":{"start":{"line":591,"column":45},"end":{"line":591,"column":69}}},"53":{"name":"(anonymous_53)","line":609,"loc":{"start":{"line":609,"column":67},"end":{"line":609,"column":86}}},"54":{"name":"(anonymous_54)","line":610,"loc":{"start":{"line":610,"column":60},"end":{"line":610,"column":86}}},"55":{"name":"(anonymous_55)","line":615,"loc":{"start":{"line":615,"column":32},"end":{"line":615,"column":46}}},"56":{"name":"(anonymous_56)","line":627,"loc":{"start":{"line":627,"column":43},"end":{"line":627,"column":62}}},"57":{"name":"(anonymous_57)","line":633,"loc":{"start":{"line":633,"column":26},"end":{"line":633,"column":55}}},"58":{"name":"(anonymous_58)","line":642,"loc":{"start":{"line":642,"column":34},"end":{"line":642,"column":53}}},"59":{"name":"(anonymous_59)","line":648,"loc":{"start":{"line":648,"column":21},"end":{"line":648,"column":41}}},"60":{"name":"isLoggedIn","line":659,"loc":{"start":{"line":659,"column":0},"end":{"line":659,"column":36}}}},"statementMap":{"1":{"start":{"line":1,"column":0},"end":{"line":1,"column":35}},"2":{"start":{"line":2,"column":0},"end":{"line":2,"column":27}},"3":{"start":{"line":3,"column":0},"end":{"line":3,"column":33}},"4":{"start":{"line":4,"column":0},"end":{"line":4,"column":27}},"5":{"start":{"line":5,"column":0},"end":{"line":5,"column":37}},"6":{"start":{"line":8,"column":0},"end":{"line":8,"column":52}},"7":{"start":{"line":11,"column":0},"end":{"line":11,"column":39}},"8":{"start":{"line":12,"column":0},"end":{"line":12,"column":57}},"9":{"start":{"line":13,"column":0},"end":{"line":13,"column":47}},"10":{"start":{"line":14,"column":0},"end":{"line":14,"column":39}},"11":{"start":{"line":15,"column":0},"end":{"line":15,"column":11}},"12":{"start":{"line":17,"column":0},"end":{"line":656,"column":2}},"13":{"start":{"line":19,"column":4},"end":{"line":29,"column":19}},"14":{"start":{"line":20,"column":8},"end":{"line":20,"column":45}},"15":{"start":{"line":21,"column":8},"end":{"line":21,"column":40}},"16":{"start":{"line":22,"column":8},"end":{"line":25,"column":10}},"17":{"start":{"line":23,"column":12},"end":{"line":23,"column":29}},"18":{"start":{"line":24,"column":12},"end":{"line":24,"column":31}},"19":{"start":{"line":26,"column":8},"end":{"line":28,"column":7}},"20":{"start":{"line":27,"column":2},"end":{"line":27,"column":35}},"21":{"start":{"line":34,"column":4},"end":{"line":36,"column":7}},"22":{"start":{"line":35,"column":8},"end":{"line":35,"column":32}},"23":{"start":{"line":42,"column":4},"end":{"line":45,"column":7}},"24":{"start":{"line":44,"column":8},"end":{"line":44,"column":72}},"25":{"start":{"line":48,"column":4},"end":{"line":52,"column":8}},"26":{"start":{"line":58,"column":4},"end":{"line":62,"column":7}},"27":{"start":{"line":61,"column":8},"end":{"line":61,"column":74}},"28":{"start":{"line":64,"column":4},"end":{"line":68,"column":8}},"29":{"start":{"line":75,"column":4},"end":{"line":79,"column":7}},"30":{"start":{"line":76,"column":8},"end":{"line":78,"column":11}},"31":{"start":{"line":84,"column":4},"end":{"line":87,"column":7}},"32":{"start":{"line":85,"column":8},"end":{"line":85,"column":21}},"33":{"start":{"line":86,"column":8},"end":{"line":86,"column":26}},"34":{"start":{"line":95,"column":4},"end":{"line":95,"column":94}},"35":{"start":{"line":98,"column":4},"end":{"line":101,"column":8}},"36":{"start":{"line":103,"column":4},"end":{"line":103,"column":94}},"37":{"start":{"line":106,"column":4},"end":{"line":109,"column":8}},"38":{"start":{"line":120,"column":4},"end":{"line":128,"column":6}},"39":{"start":{"line":121,"column":8},"end":{"line":127,"column":10}},"40":{"start":{"line":122,"column":12},"end":{"line":126,"column":13}},"41":{"start":{"line":123,"column":16},"end":{"line":123,"column":61}},"42":{"start":{"line":125,"column":16},"end":{"line":125,"column":32}},"43":{"start":{"line":130,"column":4},"end":{"line":138,"column":6}},"44":{"start":{"line":131,"column":8},"end":{"line":137,"column":10}},"45":{"start":{"line":132,"column":12},"end":{"line":136,"column":13}},"46":{"start":{"line":133,"column":16},"end":{"line":133,"column":62}},"47":{"start":{"line":135,"column":16},"end":{"line":135,"column":32}},"48":{"start":{"line":140,"column":4},"end":{"line":161,"column":6}},"49":{"start":{"line":141,"column":8},"end":{"line":141,"column":30}},"50":{"start":{"line":143,"column":8},"end":{"line":160,"column":9}},"51":{"start":{"line":145,"column":12},"end":{"line":145,"column":60}},"52":{"start":{"line":146,"column":12},"end":{"line":146,"column":63}},"53":{"start":{"line":149,"column":12},"end":{"line":149,"column":38}},"54":{"start":{"line":150,"column":12},"end":{"line":150,"column":44}},"55":{"start":{"line":152,"column":12},"end":{"line":159,"column":14}},"56":{"start":{"line":153,"column":16},"end":{"line":158,"column":17}},"57":{"start":{"line":154,"column":20},"end":{"line":154,"column":67}},"58":{"start":{"line":156,"column":20},"end":{"line":156,"column":36}},"59":{"start":{"line":157,"column":20},"end":{"line":157,"column":35}},"60":{"start":{"line":163,"column":4},"end":{"line":182,"column":6}},"61":{"start":{"line":164,"column":8},"end":{"line":181,"column":10}},"62":{"start":{"line":165,"column":12},"end":{"line":167,"column":13}},"63":{"start":{"line":166,"column":16},"end":{"line":166,"column":43}},"64":{"start":{"line":168,"column":12},"end":{"line":170,"column":13}},"65":{"start":{"line":169,"column":16},"end":{"line":169,"column":49}},"66":{"start":{"line":172,"column":12},"end":{"line":180,"column":14}},"67":{"start":{"line":173,"column":16},"end":{"line":179,"column":17}},"68":{"start":{"line":174,"column":20},"end":{"line":174,"column":67}},"69":{"start":{"line":177,"column":20},"end":{"line":177,"column":36}},"70":{"start":{"line":178,"column":20},"end":{"line":178,"column":36}},"71":{"start":{"line":184,"column":4},"end":{"line":193,"column":6}},"72":{"start":{"line":185,"column":8},"end":{"line":192,"column":10}},"73":{"start":{"line":186,"column":12},"end":{"line":191,"column":13}},"74":{"start":{"line":187,"column":16},"end":{"line":187,"column":63}},"75":{"start":{"line":189,"column":16},"end":{"line":189,"column":32}},"76":{"start":{"line":190,"column":16},"end":{"line":190,"column":54}},"77":{"start":{"line":196,"column":4},"end":{"line":245,"column":7}},"78":{"start":{"line":198,"column":8},"end":{"line":198,"column":20}},"79":{"start":{"line":199,"column":8},"end":{"line":199,"column":23}},"80":{"start":{"line":200,"column":8},"end":{"line":200,"column":18}},"81":{"start":{"line":202,"column":8},"end":{"line":244,"column":10}},"82":{"start":{"line":203,"column":12},"end":{"line":243,"column":13}},"83":{"start":{"line":204,"column":16},"end":{"line":204,"column":46}},"84":{"start":{"line":206,"column":16},"end":{"line":206,"column":35}},"85":{"start":{"line":208,"column":16},"end":{"line":242,"column":18}},"86":{"start":{"line":209,"column":20},"end":{"line":241,"column":21}},"87":{"start":{"line":210,"column":24},"end":{"line":210,"column":54}},"88":{"start":{"line":212,"column":24},"end":{"line":212,"column":42}},"89":{"start":{"line":214,"column":24},"end":{"line":239,"column":27}},"90":{"start":{"line":215,"column":28},"end":{"line":238,"column":29}},"91":{"start":{"line":216,"column":32},"end":{"line":216,"column":62}},"92":{"start":{"line":218,"column":32},"end":{"line":218,"column":45}},"93":{"start":{"line":220,"column":32},"end":{"line":222,"column":33}},"94":{"start":{"line":221,"column":36},"end":{"line":221,"column":68}},"95":{"start":{"line":224,"column":32},"end":{"line":237,"column":34}},"96":{"start":{"line":225,"column":36},"end":{"line":236,"column":37}},"97":{"start":{"line":226,"column":40},"end":{"line":226,"column":70}},"98":{"start":{"line":228,"column":40},"end":{"line":228,"column":69}},"99":{"start":{"line":230,"column":40},"end":{"line":235,"column":43}},"100":{"start":{"line":247,"column":4},"end":{"line":305,"column":6}},"101":{"start":{"line":248,"column":8},"end":{"line":248,"column":17}},"102":{"start":{"line":249,"column":8},"end":{"line":249,"column":23}},"103":{"start":{"line":251,"column":8},"end":{"line":304,"column":10}},"104":{"start":{"line":252,"column":12},"end":{"line":303,"column":13}},"105":{"start":{"line":253,"column":16},"end":{"line":253,"column":65}},"106":{"start":{"line":255,"column":16},"end":{"line":255,"column":29}},"107":{"start":{"line":257,"column":16},"end":{"line":302,"column":18}},"108":{"start":{"line":258,"column":20},"end":{"line":301,"column":21}},"109":{"start":{"line":259,"column":24},"end":{"line":259,"column":79}},"110":{"start":{"line":263,"column":24},"end":{"line":263,"column":37}},"111":{"start":{"line":265,"column":24},"end":{"line":267,"column":25}},"112":{"start":{"line":266,"column":28},"end":{"line":266,"column":60}},"113":{"start":{"line":269,"column":24},"end":{"line":300,"column":26}},"114":{"start":{"line":270,"column":28},"end":{"line":299,"column":29}},"115":{"start":{"line":271,"column":32},"end":{"line":271,"column":82}},"116":{"start":{"line":274,"column":32},"end":{"line":292,"column":33}},"117":{"start":{"line":275,"column":36},"end":{"line":291,"column":37}},"118":{"start":{"line":276,"column":40},"end":{"line":290,"column":41}},"119":{"start":{"line":277,"column":44},"end":{"line":277,"column":109}},"120":{"start":{"line":279,"column":44},"end":{"line":279,"column":67}},"121":{"start":{"line":281,"column":44},"end":{"line":289,"column":45}},"122":{"start":{"line":282,"column":48},"end":{"line":282,"column":118}},"123":{"start":{"line":284,"column":48},"end":{"line":288,"column":49}},"124":{"start":{"line":286,"column":52},"end":{"line":286,"column":122}},"125":{"start":{"line":287,"column":52},"end":{"line":287,"column":140}},"126":{"start":{"line":294,"column":32},"end":{"line":298,"column":35}},"127":{"start":{"line":307,"column":4},"end":{"line":329,"column":6}},"128":{"start":{"line":308,"column":8},"end":{"line":328,"column":10}},"129":{"start":{"line":309,"column":12},"end":{"line":327,"column":13}},"130":{"start":{"line":310,"column":16},"end":{"line":310,"column":59}},"131":{"start":{"line":312,"column":16},"end":{"line":326,"column":17}},"132":{"start":{"line":313,"column":20},"end":{"line":313,"column":49}},"133":{"start":{"line":315,"column":20},"end":{"line":322,"column":22}},"134":{"start":{"line":316,"column":24},"end":{"line":321,"column":25}},"135":{"start":{"line":317,"column":28},"end":{"line":317,"column":78}},"136":{"start":{"line":320,"column":28},"end":{"line":320,"column":72}},"137":{"start":{"line":325,"column":20},"end":{"line":325,"column":103}},"138":{"start":{"line":331,"column":4},"end":{"line":355,"column":6}},"139":{"start":{"line":332,"column":8},"end":{"line":354,"column":10}},"140":{"start":{"line":333,"column":12},"end":{"line":353,"column":13}},"141":{"start":{"line":334,"column":16},"end":{"line":334,"column":59}},"142":{"start":{"line":336,"column":16},"end":{"line":352,"column":17}},"143":{"start":{"line":337,"column":20},"end":{"line":337,"column":48}},"144":{"start":{"line":339,"column":20},"end":{"line":339,"column":49}},"145":{"start":{"line":341,"column":20},"end":{"line":348,"column":22}},"146":{"start":{"line":342,"column":24},"end":{"line":347,"column":25}},"147":{"start":{"line":343,"column":28},"end":{"line":343,"column":78}},"148":{"start":{"line":346,"column":28},"end":{"line":346,"column":72}},"149":{"start":{"line":351,"column":20},"end":{"line":351,"column":103}},"150":{"start":{"line":357,"column":4},"end":{"line":450,"column":6}},"151":{"start":{"line":358,"column":8},"end":{"line":358,"column":17}},"152":{"start":{"line":359,"column":8},"end":{"line":359,"column":23}},"153":{"start":{"line":361,"column":8},"end":{"line":449,"column":10}},"154":{"start":{"line":362,"column":12},"end":{"line":448,"column":13}},"155":{"start":{"line":363,"column":16},"end":{"line":363,"column":65}},"156":{"start":{"line":365,"column":16},"end":{"line":365,"column":29}},"157":{"start":{"line":367,"column":16},"end":{"line":447,"column":18}},"158":{"start":{"line":368,"column":20},"end":{"line":446,"column":21}},"159":{"start":{"line":369,"column":24},"end":{"line":369,"column":79}},"160":{"start":{"line":373,"column":24},"end":{"line":373,"column":37}},"161":{"start":{"line":374,"column":24},"end":{"line":374,"column":40}},"162":{"start":{"line":376,"column":24},"end":{"line":381,"column":25}},"163":{"start":{"line":377,"column":28},"end":{"line":377,"column":60}},"164":{"start":{"line":378,"column":28},"end":{"line":380,"column":29}},"165":{"start":{"line":379,"column":32},"end":{"line":379,"column":61}},"166":{"start":{"line":383,"column":24},"end":{"line":445,"column":26}},"167":{"start":{"line":384,"column":28},"end":{"line":444,"column":29}},"168":{"start":{"line":385,"column":32},"end":{"line":385,"column":82}},"169":{"start":{"line":388,"column":32},"end":{"line":406,"column":33}},"170":{"start":{"line":389,"column":36},"end":{"line":405,"column":37}},"171":{"start":{"line":390,"column":40},"end":{"line":404,"column":41}},"172":{"start":{"line":391,"column":44},"end":{"line":391,"column":109}},"173":{"start":{"line":393,"column":44},"end":{"line":393,"column":67}},"174":{"start":{"line":395,"column":44},"end":{"line":403,"column":45}},"175":{"start":{"line":396,"column":48},"end":{"line":396,"column":118}},"176":{"start":{"line":398,"column":48},"end":{"line":402,"column":49}},"177":{"start":{"line":400,"column":52},"end":{"line":400,"column":122}},"178":{"start":{"line":401,"column":52},"end":{"line":401,"column":140}},"179":{"start":{"line":408,"column":32},"end":{"line":408,"column":52}},"180":{"start":{"line":410,"column":32},"end":{"line":443,"column":34}},"181":{"start":{"line":411,"column":36},"end":{"line":442,"column":37}},"182":{"start":{"line":412,"column":40},"end":{"line":412,"column":88}},"183":{"start":{"line":415,"column":40},"end":{"line":415,"column":70}},"184":{"start":{"line":416,"column":40},"end":{"line":416,"column":68}},"185":{"start":{"line":418,"column":40},"end":{"line":431,"column":41}},"186":{"start":{"line":419,"column":44},"end":{"line":419,"column":68}},"187":{"start":{"line":420,"column":44},"end":{"line":427,"column":45}},"188":{"start":{"line":421,"column":48},"end":{"line":426,"column":49}},"189":{"start":{"line":422,"column":52},"end":{"line":422,"column":80}},"190":{"start":{"line":423,"column":52},"end":{"line":423,"column":134}},"191":{"start":{"line":424,"column":52},"end":{"line":424,"column":89}},"192":{"start":{"line":425,"column":52},"end":{"line":425,"column":71}},"193":{"start":{"line":428,"column":44},"end":{"line":430,"column":45}},"194":{"start":{"line":429,"column":48},"end":{"line":429,"column":89}},"195":{"start":{"line":433,"column":40},"end":{"line":441,"column":43}},"196":{"start":{"line":452,"column":4},"end":{"line":525,"column":6}},"197":{"start":{"line":453,"column":8},"end":{"line":453,"column":17}},"198":{"start":{"line":455,"column":8},"end":{"line":524,"column":10}},"199":{"start":{"line":456,"column":12},"end":{"line":523,"column":13}},"200":{"start":{"line":457,"column":16},"end":{"line":457,"column":59}},"201":{"start":{"line":459,"column":16},"end":{"line":459,"column":29}},"202":{"start":{"line":461,"column":16},"end":{"line":522,"column":17}},"203":{"start":{"line":462,"column":20},"end":{"line":518,"column":22}},"204":{"start":{"line":463,"column":24},"end":{"line":517,"column":25}},"205":{"start":{"line":464,"column":28},"end":{"line":464,"column":76}},"206":{"start":{"line":467,"column":28},"end":{"line":467,"column":51}},"207":{"start":{"line":469,"column":28},"end":{"line":516,"column":30}},"208":{"start":{"line":470,"column":32},"end":{"line":515,"column":33}},"209":{"start":{"line":471,"column":36},"end":{"line":471,"column":91}},"210":{"start":{"line":475,"column":36},"end":{"line":475,"column":49}},"211":{"start":{"line":477,"column":36},"end":{"line":479,"column":37}},"212":{"start":{"line":478,"column":40},"end":{"line":478,"column":72}},"213":{"start":{"line":481,"column":36},"end":{"line":514,"column":38}},"214":{"start":{"line":482,"column":40},"end":{"line":513,"column":41}},"215":{"start":{"line":483,"column":44},"end":{"line":483,"column":94}},"216":{"start":{"line":486,"column":44},"end":{"line":503,"column":45}},"217":{"start":{"line":487,"column":48},"end":{"line":502,"column":49}},"218":{"start":{"line":488,"column":52},"end":{"line":501,"column":53}},"219":{"start":{"line":489,"column":56},"end":{"line":489,"column":121}},"220":{"start":{"line":491,"column":56},"end":{"line":491,"column":79}},"221":{"start":{"line":493,"column":56},"end":{"line":500,"column":57}},"222":{"start":{"line":494,"column":60},"end":{"line":494,"column":130}},"223":{"start":{"line":496,"column":60},"end":{"line":499,"column":61}},"224":{"start":{"line":497,"column":64},"end":{"line":497,"column":134}},"225":{"start":{"line":498,"column":64},"end":{"line":498,"column":152}},"226":{"start":{"line":505,"column":44},"end":{"line":505,"column":64}},"227":{"start":{"line":507,"column":44},"end":{"line":512,"column":47}},"228":{"start":{"line":521,"column":20},"end":{"line":521,"column":101}},"229":{"start":{"line":527,"column":4},"end":{"line":568,"column":6}},"230":{"start":{"line":529,"column":8},"end":{"line":529,"column":31}},"231":{"start":{"line":530,"column":8},"end":{"line":530,"column":31}},"232":{"start":{"line":531,"column":8},"end":{"line":531,"column":31}},"233":{"start":{"line":532,"column":8},"end":{"line":532,"column":31}},"234":{"start":{"line":533,"column":8},"end":{"line":533,"column":35}},"235":{"start":{"line":534,"column":8},"end":{"line":534,"column":17}},"236":{"start":{"line":536,"column":8},"end":{"line":543,"column":9}},"237":{"start":{"line":537,"column":12},"end":{"line":537,"column":90}},"238":{"start":{"line":538,"column":12},"end":{"line":538,"column":23}},"239":{"start":{"line":539,"column":12},"end":{"line":539,"column":32}},"240":{"start":{"line":540,"column":12},"end":{"line":540,"column":35}},"241":{"start":{"line":541,"column":12},"end":{"line":541,"column":36}},"242":{"start":{"line":542,"column":12},"end":{"line":542,"column":36}},"243":{"start":{"line":545,"column":8},"end":{"line":566,"column":10}},"244":{"start":{"line":546,"column":12},"end":{"line":565,"column":13}},"245":{"start":{"line":547,"column":16},"end":{"line":547,"column":59}},"246":{"start":{"line":549,"column":16},"end":{"line":549,"column":29}},"247":{"start":{"line":551,"column":16},"end":{"line":564,"column":18}},"248":{"start":{"line":552,"column":20},"end":{"line":563,"column":21}},"249":{"start":{"line":553,"column":24},"end":{"line":553,"column":52}},"250":{"start":{"line":557,"column":24},"end":{"line":562,"column":27}},"251":{"start":{"line":570,"column":4},"end":{"line":606,"column":6}},"252":{"start":{"line":571,"column":8},"end":{"line":571,"column":41}},"253":{"start":{"line":573,"column":8},"end":{"line":573,"column":56}},"254":{"start":{"line":575,"column":8},"end":{"line":575,"column":118}},"255":{"start":{"line":577,"column":8},"end":{"line":605,"column":10}},"256":{"start":{"line":578,"column":12},"end":{"line":604,"column":13}},"257":{"start":{"line":579,"column":16},"end":{"line":579,"column":46}},"258":{"start":{"line":581,"column":16},"end":{"line":581,"column":29}},"259":{"start":{"line":583,"column":16},"end":{"line":603,"column":17}},"260":{"start":{"line":584,"column":20},"end":{"line":599,"column":22}},"261":{"start":{"line":585,"column":24},"end":{"line":598,"column":25}},"262":{"start":{"line":586,"column":28},"end":{"line":586,"column":56}},"263":{"start":{"line":588,"column":28},"end":{"line":588,"column":60}},"264":{"start":{"line":589,"column":28},"end":{"line":589,"column":63}},"265":{"start":{"line":591,"column":28},"end":{"line":597,"column":30}},"266":{"start":{"line":592,"column":32},"end":{"line":596,"column":33}},"267":{"start":{"line":593,"column":36},"end":{"line":593,"column":70}},"268":{"start":{"line":595,"column":36},"end":{"line":595,"column":62}},"269":{"start":{"line":602,"column":20},"end":{"line":602,"column":101}},"270":{"start":{"line":609,"column":4},"end":{"line":625,"column":6}},"271":{"start":{"line":610,"column":8},"end":{"line":624,"column":10}},"272":{"start":{"line":611,"column":12},"end":{"line":623,"column":13}},"273":{"start":{"line":612,"column":16},"end":{"line":612,"column":52}},"274":{"start":{"line":614,"column":16},"end":{"line":614,"column":97}},"275":{"start":{"line":615,"column":16},"end":{"line":622,"column":18}},"276":{"start":{"line":616,"column":20},"end":{"line":621,"column":21}},"277":{"start":{"line":617,"column":24},"end":{"line":617,"column":79}},"278":{"start":{"line":620,"column":24},"end":{"line":620,"column":74}},"279":{"start":{"line":627,"column":4},"end":{"line":640,"column":6}},"280":{"start":{"line":628,"column":8},"end":{"line":628,"column":47}},"281":{"start":{"line":630,"column":8},"end":{"line":630,"column":42}},"282":{"start":{"line":631,"column":8},"end":{"line":631,"column":44}},"283":{"start":{"line":633,"column":8},"end":{"line":639,"column":10}},"284":{"start":{"line":634,"column":12},"end":{"line":638,"column":13}},"285":{"start":{"line":635,"column":16},"end":{"line":635,"column":47}},"286":{"start":{"line":637,"column":16},"end":{"line":637,"column":65}},"287":{"start":{"line":642,"column":4},"end":{"line":655,"column":7}},"288":{"start":{"line":643,"column":8},"end":{"line":643,"column":33}},"289":{"start":{"line":645,"column":8},"end":{"line":645,"column":37}},"290":{"start":{"line":646,"column":8},"end":{"line":646,"column":38}},"291":{"start":{"line":648,"column":8},"end":{"line":654,"column":10}},"292":{"start":{"line":649,"column":12},"end":{"line":653,"column":13}},"293":{"start":{"line":650,"column":16},"end":{"line":650,"column":46}},"294":{"start":{"line":652,"column":16},"end":{"line":652,"column":31}},"295":{"start":{"line":659,"column":0},"end":{"line":668,"column":1}},"296":{"start":{"line":662,"column":4},"end":{"line":663,"column":22}},"297":{"start":{"line":663,"column":8},"end":{"line":663,"column":22}},"298":{"start":{"line":666,"column":4},"end":{"line":666,"column":20}},"299":{"start":{"line":667,"column":4},"end":{"line":667,"column":22}}},"branchMap":{"1":{"line":122,"type":"if","locations":[{"start":{"line":122,"column":12},"end":{"line":122,"column":12}},{"start":{"line":122,"column":12},"end":{"line":122,"column":12}}]},"2":{"line":132,"type":"if","locations":[{"start":{"line":132,"column":12},"end":{"line":132,"column":12}},{"start":{"line":132,"column":12},"end":{"line":132,"column":12}}]},"3":{"line":143,"type":"if","locations":[{"start":{"line":143,"column":8},"end":{"line":143,"column":8}},{"start":{"line":143,"column":8},"end":{"line":143,"column":8}}]},"4":{"line":153,"type":"if","locations":[{"start":{"line":153,"column":16},"end":{"line":153,"column":16}},{"start":{"line":153,"column":16},"end":{"line":153,"column":16}}]},"5":{"line":165,"type":"if","locations":[{"start":{"line":165,"column":12},"end":{"line":165,"column":12}},{"start":{"line":165,"column":12},"end":{"line":165,"column":12}}]},"6":{"line":168,"type":"if","locations":[{"start":{"line":168,"column":12},"end":{"line":168,"column":12}},{"start":{"line":168,"column":12},"end":{"line":168,"column":12}}]},"7":{"line":173,"type":"if","locations":[{"start":{"line":173,"column":16},"end":{"line":173,"column":16}},{"start":{"line":173,"column":16},"end":{"line":173,"column":16}}]},"8":{"line":186,"type":"if","locations":[{"start":{"line":186,"column":12},"end":{"line":186,"column":12}},{"start":{"line":186,"column":12},"end":{"line":186,"column":12}}]},"9":{"line":203,"type":"if","locations":[{"start":{"line":203,"column":12},"end":{"line":203,"column":12}},{"start":{"line":203,"column":12},"end":{"line":203,"column":12}}]},"10":{"line":209,"type":"if","locations":[{"start":{"line":209,"column":20},"end":{"line":209,"column":20}},{"start":{"line":209,"column":20},"end":{"line":209,"column":20}}]},"11":{"line":215,"type":"if","locations":[{"start":{"line":215,"column":28},"end":{"line":215,"column":28}},{"start":{"line":215,"column":28},"end":{"line":215,"column":28}}]},"12":{"line":225,"type":"if","locations":[{"start":{"line":225,"column":36},"end":{"line":225,"column":36}},{"start":{"line":225,"column":36},"end":{"line":225,"column":36}}]},"13":{"line":252,"type":"if","locations":[{"start":{"line":252,"column":12},"end":{"line":252,"column":12}},{"start":{"line":252,"column":12},"end":{"line":252,"column":12}}]},"14":{"line":258,"type":"if","locations":[{"start":{"line":258,"column":20},"end":{"line":258,"column":20}},{"start":{"line":258,"column":20},"end":{"line":258,"column":20}}]},"15":{"line":270,"type":"if","locations":[{"start":{"line":270,"column":28},"end":{"line":270,"column":28}},{"start":{"line":270,"column":28},"end":{"line":270,"column":28}}]},"16":{"line":276,"type":"if","locations":[{"start":{"line":276,"column":40},"end":{"line":276,"column":40}},{"start":{"line":276,"column":40},"end":{"line":276,"column":40}}]},"17":{"line":284,"type":"if","locations":[{"start":{"line":284,"column":48},"end":{"line":284,"column":48}},{"start":{"line":284,"column":48},"end":{"line":284,"column":48}}]},"18":{"line":284,"type":"binary-expr","locations":[{"start":{"line":284,"column":51},"end":{"line":284,"column":128}},{"start":{"line":284,"column":132},"end":{"line":284,"column":138}}]},"19":{"line":309,"type":"if","locations":[{"start":{"line":309,"column":12},"end":{"line":309,"column":12}},{"start":{"line":309,"column":12},"end":{"line":309,"column":12}}]},"20":{"line":312,"type":"if","locations":[{"start":{"line":312,"column":16},"end":{"line":312,"column":16}},{"start":{"line":312,"column":16},"end":{"line":312,"column":16}}]},"21":{"line":316,"type":"if","locations":[{"start":{"line":316,"column":24},"end":{"line":316,"column":24}},{"start":{"line":316,"column":24},"end":{"line":316,"column":24}}]},"22":{"line":333,"type":"if","locations":[{"start":{"line":333,"column":12},"end":{"line":333,"column":12}},{"start":{"line":333,"column":12},"end":{"line":333,"column":12}}]},"23":{"line":336,"type":"if","locations":[{"start":{"line":336,"column":16},"end":{"line":336,"column":16}},{"start":{"line":336,"column":16},"end":{"line":336,"column":16}}]},"24":{"line":342,"type":"if","locations":[{"start":{"line":342,"column":24},"end":{"line":342,"column":24}},{"start":{"line":342,"column":24},"end":{"line":342,"column":24}}]},"25":{"line":362,"type":"if","locations":[{"start":{"line":362,"column":12},"end":{"line":362,"column":12}},{"start":{"line":362,"column":12},"end":{"line":362,"column":12}}]},"26":{"line":368,"type":"if","locations":[{"start":{"line":368,"column":20},"end":{"line":368,"column":20}},{"start":{"line":368,"column":20},"end":{"line":368,"column":20}}]},"27":{"line":378,"type":"if","locations":[{"start":{"line":378,"column":28},"end":{"line":378,"column":28}},{"start":{"line":378,"column":28},"end":{"line":378,"column":28}}]},"28":{"line":384,"type":"if","locations":[{"start":{"line":384,"column":28},"end":{"line":384,"column":28}},{"start":{"line":384,"column":28},"end":{"line":384,"column":28}}]},"29":{"line":390,"type":"if","locations":[{"start":{"line":390,"column":40},"end":{"line":390,"column":40}},{"start":{"line":390,"column":40},"end":{"line":390,"column":40}}]},"30":{"line":398,"type":"if","locations":[{"start":{"line":398,"column":48},"end":{"line":398,"column":48}},{"start":{"line":398,"column":48},"end":{"line":398,"column":48}}]},"31":{"line":398,"type":"binary-expr","locations":[{"start":{"line":398,"column":51},"end":{"line":398,"column":128}},{"start":{"line":398,"column":132},"end":{"line":398,"column":138}}]},"32":{"line":411,"type":"if","locations":[{"start":{"line":411,"column":36},"end":{"line":411,"column":36}},{"start":{"line":411,"column":36},"end":{"line":411,"column":36}}]},"33":{"line":421,"type":"if","locations":[{"start":{"line":421,"column":48},"end":{"line":421,"column":48}},{"start":{"line":421,"column":48},"end":{"line":421,"column":48}}]},"34":{"line":428,"type":"if","locations":[{"start":{"line":428,"column":44},"end":{"line":428,"column":44}},{"start":{"line":428,"column":44},"end":{"line":428,"column":44}}]},"35":{"line":456,"type":"if","locations":[{"start":{"line":456,"column":12},"end":{"line":456,"column":12}},{"start":{"line":456,"column":12},"end":{"line":456,"column":12}}]},"36":{"line":461,"type":"if","locations":[{"start":{"line":461,"column":16},"end":{"line":461,"column":16}},{"start":{"line":461,"column":16},"end":{"line":461,"column":16}}]},"37":{"line":463,"type":"if","locations":[{"start":{"line":463,"column":24},"end":{"line":463,"column":24}},{"start":{"line":463,"column":24},"end":{"line":463,"column":24}}]},"38":{"line":470,"type":"if","locations":[{"start":{"line":470,"column":32},"end":{"line":470,"column":32}},{"start":{"line":470,"column":32},"end":{"line":470,"column":32}}]},"39":{"line":482,"type":"if","locations":[{"start":{"line":482,"column":40},"end":{"line":482,"column":40}},{"start":{"line":482,"column":40},"end":{"line":482,"column":40}}]},"40":{"line":488,"type":"if","locations":[{"start":{"line":488,"column":52},"end":{"line":488,"column":52}},{"start":{"line":488,"column":52},"end":{"line":488,"column":52}}]},"41":{"line":496,"type":"if","locations":[{"start":{"line":496,"column":60},"end":{"line":496,"column":60}},{"start":{"line":496,"column":60},"end":{"line":496,"column":60}}]},"42":{"line":496,"type":"binary-expr","locations":[{"start":{"line":496,"column":64},"end":{"line":496,"column":141}},{"start":{"line":496,"column":145},"end":{"line":496,"column":151}}]},"43":{"line":536,"type":"if","locations":[{"start":{"line":536,"column":8},"end":{"line":536,"column":8}},{"start":{"line":536,"column":8},"end":{"line":536,"column":8}}]},"44":{"line":536,"type":"binary-expr","locations":[{"start":{"line":536,"column":12},"end":{"line":536,"column":22}},{"start":{"line":536,"column":26},"end":{"line":536,"column":37}},{"start":{"line":536,"column":41},"end":{"line":536,"column":52}},{"start":{"line":536,"column":56},"end":{"line":536,"column":67}},{"start":{"line":536,"column":71},"end":{"line":536,"column":84}}]},"45":{"line":546,"type":"if","locations":[{"start":{"line":546,"column":12},"end":{"line":546,"column":12}},{"start":{"line":546,"column":12},"end":{"line":546,"column":12}}]},"46":{"line":552,"type":"if","locations":[{"start":{"line":552,"column":20},"end":{"line":552,"column":20}},{"start":{"line":552,"column":20},"end":{"line":552,"column":20}}]},"47":{"line":552,"type":"binary-expr","locations":[{"start":{"line":552,"column":24},"end":{"line":552,"column":30}},{"start":{"line":552,"column":34},"end":{"line":552,"column":60}}]},"48":{"line":578,"type":"if","locations":[{"start":{"line":578,"column":12},"end":{"line":578,"column":12}},{"start":{"line":578,"column":12},"end":{"line":578,"column":12}}]},"49":{"line":583,"type":"if","locations":[{"start":{"line":583,"column":16},"end":{"line":583,"column":16}},{"start":{"line":583,"column":16},"end":{"line":583,"column":16}}]},"50":{"line":585,"type":"if","locations":[{"start":{"line":585,"column":24},"end":{"line":585,"column":24}},{"start":{"line":585,"column":24},"end":{"line":585,"column":24}}]},"51":{"line":585,"type":"binary-expr","locations":[{"start":{"line":585,"column":28},"end":{"line":585,"column":34}},{"start":{"line":585,"column":38},"end":{"line":585,"column":64}}]},"52":{"line":592,"type":"if","locations":[{"start":{"line":592,"column":32},"end":{"line":592,"column":32}},{"start":{"line":592,"column":32},"end":{"line":592,"column":32}}]},"53":{"line":611,"type":"if","locations":[{"start":{"line":611,"column":12},"end":{"line":611,"column":12}},{"start":{"line":611,"column":12},"end":{"line":611,"column":12}}]},"54":{"line":616,"type":"if","locations":[{"start":{"line":616,"column":20},"end":{"line":616,"column":20}},{"start":{"line":616,"column":20},"end":{"line":616,"column":20}}]},"55":{"line":634,"type":"if","locations":[{"start":{"line":634,"column":12},"end":{"line":634,"column":12}},{"start":{"line":634,"column":12},"end":{"line":634,"column":12}}]},"56":{"line":649,"type":"if","locations":[{"start":{"line":649,"column":12},"end":{"line":649,"column":12}},{"start":{"line":649,"column":12},"end":{"line":649,"column":12}}]},"57":{"line":662,"type":"if","locations":[{"start":{"line":662,"column":4},"end":{"line":662,"column":4}},{"start":{"line":662,"column":4},"end":{"line":662,"column":4}}]}}},"C:\\Users\\Marthijn\\Documents\\School\\CSRaceInRest\\app\\models\\race.js":{"path":"C:\\Users\\Marthijn\\Documents\\School\\CSRaceInRest\\app\\models\\race.js","s":{"1":1,"2":1,"3":1},"b":{},"f":{},"fnMap":{},"statementMap":{"1":{"start":{"line":2,"column":0},"end":{"line":2,"column":35}},"2":{"start":{"line":5,"column":0},"end":{"line":13,"column":3}},"3":{"start":{"line":16,"column":0},"end":{"line":16,"column":52}}},"branchMap":{}},"C:\\Users\\Marthijn\\Documents\\School\\CSRaceInRest\\app\\models\\racedeelnemer.js":{"path":"C:\\Users\\Marthijn\\Documents\\School\\CSRaceInRest\\app\\models\\racedeelnemer.js","s":{"1":1,"2":1,"3":1},"b":{},"f":{},"fnMap":{},"statementMap":{"1":{"start":{"line":2,"column":0},"end":{"line":2,"column":35}},"2":{"start":{"line":5,"column":0},"end":{"line":11,"column":3}},"3":{"start":{"line":14,"column":0},"end":{"line":14,"column":70}}},"branchMap":{}},"C:\\Users\\Marthijn\\Documents\\School\\CSRaceInRest\\app\\models\\waypoint.js":{"path":"C:\\Users\\Marthijn\\Documents\\School\\CSRaceInRest\\app\\models\\waypoint.js","s":{"1":1,"2":1,"3":1},"b":{},"f":{},"fnMap":{},"statementMap":{"1":{"start":{"line":2,"column":0},"end":{"line":2,"column":35}},"2":{"start":{"line":19,"column":0},"end":{"line":31,"column":2}},"3":{"start":{"line":34,"column":0},"end":{"line":34,"column":60}}},"branchMap":{}}}