{"C:\\Repositories\\CSRaceInRest\\config\\testdatabase.js":{"path":"C:\\Repositories\\CSRaceInRest\\config\\testdatabase.js","s":{"1":1},"b":{},"f":{},"fnMap":{},"statementMap":{"1":{"start":{"line":1,"column":0},"end":{"line":3,"column":2}}},"branchMap":{}},"C:\\Repositories\\CSRaceInRest\\config\\passport.js":{"path":"C:\\Repositories\\CSRaceInRest\\config\\passport.js","s":{"1":1,"2":1,"3":1,"4":1,"5":1,"6":1,"7":16,"8":1,"9":33,"10":33,"11":1,"12":1,"13":1,"14":1,"15":0,"16":1,"17":1,"18":0,"19":0,"20":0,"21":0,"22":0,"23":0,"24":0,"25":1,"26":16,"27":16,"28":0,"29":16,"30":0,"31":16,"32":0,"33":16,"34":1,"35":0,"36":0,"37":0,"38":0,"39":0,"40":0,"41":0,"42":0,"43":0,"44":0,"45":0,"46":0,"47":0,"48":0,"49":0,"50":0,"51":0,"52":0,"53":0,"54":0,"55":0,"56":0,"57":0,"58":0,"59":0},"b":{"1":[0,1],"2":[1,0],"3":[0,0],"4":[0,16],"5":[0,16],"6":[0,16],"7":[0,0],"8":[0,0],"9":[0,0],"10":[0,0],"11":[0,0]},"f":{"1":1,"2":16,"3":33,"4":33,"5":1,"6":1,"7":1,"8":0,"9":16,"10":16,"11":0,"12":0,"13":0,"14":0,"15":0},"fnMap":{"1":{"name":"(anonymous_1)","line":12,"loc":{"start":{"line":12,"column":17},"end":{"line":12,"column":36}}},"2":{"name":"(anonymous_2)","line":21,"loc":{"start":{"line":21,"column":27},"end":{"line":21,"column":48}}},"3":{"name":"(anonymous_3)","line":26,"loc":{"start":{"line":26,"column":29},"end":{"line":26,"column":48}}},"4":{"name":"(anonymous_4)","line":27,"loc":{"start":{"line":27,"column":26},"end":{"line":27,"column":46}}},"5":{"name":"(anonymous_5)","line":44,"loc":{"start":{"line":44,"column":4},"end":{"line":44,"column":41}}},"6":{"name":"(anonymous_6)","line":48,"loc":{"start":{"line":48,"column":25},"end":{"line":48,"column":36}}},"7":{"name":"(anonymous_7)","line":52,"loc":{"start":{"line":52,"column":49},"end":{"line":52,"column":69}}},"8":{"name":"(anonymous_8)","line":71,"loc":{"start":{"line":71,"column":29},"end":{"line":71,"column":43}}},"9":{"name":"(anonymous_9)","line":95,"loc":{"start":{"line":95,"column":4},"end":{"line":95,"column":41}}},"10":{"name":"(anonymous_10)","line":99,"loc":{"start":{"line":99,"column":49},"end":{"line":99,"column":69}}},"11":{"name":"(anonymous_11)","line":129,"loc":{"start":{"line":129,"column":4},"end":{"line":129,"column":54}}},"12":{"name":"(anonymous_12)","line":133,"loc":{"start":{"line":133,"column":25},"end":{"line":133,"column":36}}},"13":{"name":"(anonymous_13)","line":139,"loc":{"start":{"line":139,"column":59},"end":{"line":139,"column":79}}},"14":{"name":"(anonymous_14)","line":158,"loc":{"start":{"line":158,"column":37},"end":{"line":158,"column":51}}},"15":{"name":"(anonymous_15)","line":177,"loc":{"start":{"line":177,"column":26},"end":{"line":177,"column":40}}}},"statementMap":{"1":{"start":{"line":2,"column":0},"end":{"line":2,"column":57}},"2":{"start":{"line":3,"column":0},"end":{"line":3,"column":69}},"3":{"start":{"line":6,"column":0},"end":{"line":6,"column":52}},"4":{"start":{"line":9,"column":0},"end":{"line":9,"column":35}},"5":{"start":{"line":12,"column":0},"end":{"line":186,"column":2}},"6":{"start":{"line":21,"column":4},"end":{"line":23,"column":7}},"7":{"start":{"line":22,"column":8},"end":{"line":22,"column":28}},"8":{"start":{"line":26,"column":4},"end":{"line":30,"column":7}},"9":{"start":{"line":27,"column":8},"end":{"line":29,"column":11}},"10":{"start":{"line":28,"column":12},"end":{"line":28,"column":28}},"11":{"start":{"line":38,"column":4},"end":{"line":82,"column":8}},"12":{"start":{"line":48,"column":8},"end":{"line":80,"column":11}},"13":{"start":{"line":52,"column":8},"end":{"line":78,"column":11}},"14":{"start":{"line":54,"column":12},"end":{"line":55,"column":33}},"15":{"start":{"line":55,"column":16},"end":{"line":55,"column":33}},"16":{"start":{"line":58,"column":12},"end":{"line":76,"column":13}},"17":{"start":{"line":59,"column":16},"end":{"line":59,"column":101}},"18":{"start":{"line":64,"column":16},"end":{"line":64,"column":52}},"19":{"start":{"line":67,"column":16},"end":{"line":67,"column":47}},"20":{"start":{"line":68,"column":16},"end":{"line":68,"column":72}},"21":{"start":{"line":71,"column":16},"end":{"line":75,"column":19}},"22":{"start":{"line":72,"column":20},"end":{"line":73,"column":34}},"23":{"start":{"line":73,"column":24},"end":{"line":73,"column":34}},"24":{"start":{"line":74,"column":20},"end":{"line":74,"column":47}},"25":{"start":{"line":89,"column":4},"end":{"line":116,"column":8}},"26":{"start":{"line":99,"column":8},"end":{"line":114,"column":11}},"27":{"start":{"line":101,"column":12},"end":{"line":102,"column":33}},"28":{"start":{"line":102,"column":16},"end":{"line":102,"column":33}},"29":{"start":{"line":105,"column":12},"end":{"line":106,"column":86}},"30":{"start":{"line":106,"column":16},"end":{"line":106,"column":86}},"31":{"start":{"line":109,"column":12},"end":{"line":110,"column":93}},"32":{"start":{"line":110,"column":16},"end":{"line":110,"column":93}},"33":{"start":{"line":113,"column":12},"end":{"line":113,"column":36}},"34":{"start":{"line":121,"column":4},"end":{"line":185,"column":8}},"35":{"start":{"line":133,"column":8},"end":{"line":183,"column":11}},"36":{"start":{"line":136,"column":12},"end":{"line":182,"column":13}},"37":{"start":{"line":139,"column":16},"end":{"line":164,"column":19}},"38":{"start":{"line":140,"column":20},"end":{"line":141,"column":41}},"39":{"start":{"line":141,"column":24},"end":{"line":141,"column":41}},"40":{"start":{"line":143,"column":20},"end":{"line":163,"column":21}},"41":{"start":{"line":146,"column":24},"end":{"line":146,"column":48}},"42":{"start":{"line":149,"column":24},"end":{"line":149,"column":58}},"43":{"start":{"line":152,"column":24},"end":{"line":152,"column":58}},"44":{"start":{"line":153,"column":24},"end":{"line":153,"column":53}},"45":{"start":{"line":154,"column":24},"end":{"line":154,"column":67}},"46":{"start":{"line":155,"column":24},"end":{"line":155,"column":71}},"47":{"start":{"line":158,"column":24},"end":{"line":162,"column":27}},"48":{"start":{"line":159,"column":28},"end":{"line":160,"column":42}},"49":{"start":{"line":160,"column":32},"end":{"line":160,"column":42}},"50":{"start":{"line":161,"column":28},"end":{"line":161,"column":55}},"51":{"start":{"line":168,"column":16},"end":{"line":168,"column":47}},"52":{"start":{"line":171,"column":16},"end":{"line":171,"column":47}},"53":{"start":{"line":172,"column":16},"end":{"line":172,"column":42}},"54":{"start":{"line":173,"column":16},"end":{"line":173,"column":56}},"55":{"start":{"line":174,"column":16},"end":{"line":174,"column":60}},"56":{"start":{"line":177,"column":16},"end":{"line":181,"column":19}},"57":{"start":{"line":178,"column":20},"end":{"line":179,"column":34}},"58":{"start":{"line":179,"column":24},"end":{"line":179,"column":34}},"59":{"start":{"line":180,"column":20},"end":{"line":180,"column":44}}},"branchMap":{"1":{"line":54,"type":"if","locations":[{"start":{"line":54,"column":12},"end":{"line":54,"column":12}},{"start":{"line":54,"column":12},"end":{"line":54,"column":12}}]},"2":{"line":58,"type":"if","locations":[{"start":{"line":58,"column":12},"end":{"line":58,"column":12}},{"start":{"line":58,"column":12},"end":{"line":58,"column":12}}]},"3":{"line":72,"type":"if","locations":[{"start":{"line":72,"column":20},"end":{"line":72,"column":20}},{"start":{"line":72,"column":20},"end":{"line":72,"column":20}}]},"4":{"line":101,"type":"if","locations":[{"start":{"line":101,"column":12},"end":{"line":101,"column":12}},{"start":{"line":101,"column":12},"end":{"line":101,"column":12}}]},"5":{"line":105,"type":"if","locations":[{"start":{"line":105,"column":12},"end":{"line":105,"column":12}},{"start":{"line":105,"column":12},"end":{"line":105,"column":12}}]},"6":{"line":109,"type":"if","locations":[{"start":{"line":109,"column":12},"end":{"line":109,"column":12}},{"start":{"line":109,"column":12},"end":{"line":109,"column":12}}]},"7":{"line":136,"type":"if","locations":[{"start":{"line":136,"column":12},"end":{"line":136,"column":12}},{"start":{"line":136,"column":12},"end":{"line":136,"column":12}}]},"8":{"line":140,"type":"if","locations":[{"start":{"line":140,"column":20},"end":{"line":140,"column":20}},{"start":{"line":140,"column":20},"end":{"line":140,"column":20}}]},"9":{"line":143,"type":"if","locations":[{"start":{"line":143,"column":20},"end":{"line":143,"column":20}},{"start":{"line":143,"column":20},"end":{"line":143,"column":20}}]},"10":{"line":159,"type":"if","locations":[{"start":{"line":159,"column":28},"end":{"line":159,"column":28}},{"start":{"line":159,"column":28},"end":{"line":159,"column":28}}]},"11":{"line":178,"type":"if","locations":[{"start":{"line":178,"column":20},"end":{"line":178,"column":20}},{"start":{"line":178,"column":20},"end":{"line":178,"column":20}}]}}},"C:\\Repositories\\CSRaceInRest\\app\\models\\user.js":{"path":"C:\\Repositories\\CSRaceInRest\\app\\models\\user.js","s":{"1":1,"2":1,"3":1,"4":1,"5":0,"6":1,"7":16,"8":1},"b":{},"f":{"1":0,"2":16},"fnMap":{"1":{"name":"(anonymous_1)","line":35,"loc":{"start":{"line":35,"column":34},"end":{"line":35,"column":53}}},"2":{"name":"(anonymous_2)","line":40,"loc":{"start":{"line":40,"column":35},"end":{"line":40,"column":54}}}},"statementMap":{"1":{"start":{"line":2,"column":0},"end":{"line":2,"column":35}},"2":{"start":{"line":3,"column":0},"end":{"line":3,"column":40}},"3":{"start":{"line":6,"column":0},"end":{"line":31,"column":3}},"4":{"start":{"line":35,"column":0},"end":{"line":37,"column":2}},"5":{"start":{"line":36,"column":4},"end":{"line":36,"column":66}},"6":{"start":{"line":40,"column":0},"end":{"line":42,"column":2}},"7":{"start":{"line":41,"column":4},"end":{"line":41,"column":61}},"8":{"start":{"line":45,"column":0},"end":{"line":45,"column":52}}},"branchMap":{}},"C:\\Repositories\\CSRaceInRest\\config\\auth.js":{"path":"C:\\Repositories\\CSRaceInRest\\config\\auth.js","s":{"1":1},"b":{},"f":{},"fnMap":{},"statementMap":{"1":{"start":{"line":2,"column":0},"end":{"line":22,"column":2}}},"branchMap":{}},"C:\\Repositories\\CSRaceInRest\\app\\routes.js":{"path":"C:\\Repositories\\CSRaceInRest\\app\\routes.js","s":{"1":1,"2":1,"3":1,"4":1,"5":1,"6":1,"7":1,"8":1,"9":1,"10":1,"11":1,"12":1,"13":1,"14":0,"15":0,"16":0,"17":0,"18":0,"19":0,"20":0,"21":1,"22":0,"23":1,"24":0,"25":1,"26":1,"27":0,"28":1,"29":1,"30":1,"31":1,"32":2,"33":2,"34":1,"35":1,"36":1,"37":1,"38":1,"39":1,"40":1,"41":0,"42":1,"43":1,"44":2,"45":2,"46":0,"47":2,"48":1,"49":2,"50":2,"51":0,"52":2,"53":2,"54":2,"55":2,"56":0,"57":2,"58":2,"59":1,"60":1,"61":1,"62":1,"63":1,"64":0,"65":1,"66":1,"67":0,"68":1,"69":1,"70":1,"71":1,"72":1,"73":0,"74":1,"75":1,"76":1,"77":1,"78":1,"79":0,"80":1,"81":1,"82":1,"83":1,"84":1,"85":1,"86":1,"87":1,"88":0,"89":1,"90":1,"91":1,"92":0,"93":1,"94":1,"95":1,"96":0,"97":1,"98":1,"99":36,"100":1,"101":1,"102":1,"103":0,"104":0,"105":1,"106":1,"107":1,"108":1,"109":1,"110":0,"111":1,"112":1,"113":1,"114":0,"115":1,"116":1,"117":1,"118":1,"119":1,"120":0,"121":1,"122":1,"123":1,"124":1,"125":1,"126":1,"127":0,"128":0,"129":1,"130":1,"131":1,"132":1,"133":0,"134":1,"135":1,"136":1,"137":1,"138":0,"139":1,"140":0,"141":1,"142":1,"143":1,"144":0,"145":1,"146":1,"147":1,"148":1,"149":0,"150":1,"151":0,"152":1,"153":1,"154":1,"155":1,"156":1,"157":0,"158":1,"159":1,"160":1,"161":0,"162":1,"163":1,"164":1,"165":1,"166":1,"167":1,"168":1,"169":1,"170":0,"171":1,"172":1,"173":1,"174":1,"175":1,"176":1,"177":0,"178":0,"179":1,"180":1,"181":1,"182":0,"183":1,"184":1,"185":1,"186":1,"187":1,"188":0,"189":0,"190":0,"191":0,"192":0,"193":1,"194":1,"195":1,"196":1,"197":1,"198":1,"199":1,"200":0,"201":1,"202":1,"203":1,"204":1,"205":0,"206":1,"207":1,"208":1,"209":0,"210":1,"211":1,"212":1,"213":1,"214":1,"215":0,"216":1,"217":1,"218":1,"219":1,"220":1,"221":1,"222":0,"223":0,"224":1,"225":1,"226":0,"227":1,"228":1,"229":1,"230":1,"231":1,"232":1,"233":1,"234":1,"235":1,"236":1,"237":1,"238":1,"239":1,"240":1,"241":1,"242":1,"243":0,"244":1,"245":1,"246":1,"247":1,"248":1,"249":1,"250":1,"251":1,"252":1,"253":1,"254":1,"255":0,"256":1,"257":1,"258":1,"259":1,"260":1,"261":1,"262":1,"263":1,"264":1,"265":0,"266":1,"267":1,"268":0,"269":1,"270":0,"271":0,"272":0,"273":0,"274":0,"275":0,"276":0,"277":0,"278":0,"279":0,"280":0,"281":0,"282":1,"283":1,"284":1,"285":1,"286":1,"287":1,"288":0,"289":1,"290":1,"291":1,"292":1,"293":1,"294":1,"295":1,"296":0,"297":1,"298":1,"299":1,"300":16,"301":12,"302":4,"303":4},"b":{"1":[0,1],"2":[0,2],"3":[0,2],"4":[0,2],"5":[1,0],"6":[0,1],"7":[0,1],"8":[0,1],"9":[0,1],"10":[0,1],"11":[0,1],"12":[0,1],"13":[1,0],"14":[0,1],"15":[0,1],"16":[0,1],"17":[1,0],"18":[0,0],"19":[0,0],"20":[0,1],"21":[1,0],"22":[0,1],"23":[0,1],"24":[1,0],"25":[0,1],"26":[0,1],"27":[0,1],"28":[1,0],"29":[0,1],"30":[1,0],"31":[0,0],"32":[0,0],"33":[0,1],"34":[0,0],"35":[1,0],"36":[0,1],"37":[1,0],"38":[0,1],"39":[0,1],"40":[0,1],"41":[1,0],"42":[0,0],"43":[0,0],"44":[1,0],"45":[1,1,1,1,1],"46":[0,1],"47":[1,0],"48":[1,1],"49":[0,1],"50":[1,0],"51":[1,0],"52":[1,1],"53":[0,1],"54":[0,0],"55":[0,0],"56":[0,0],"57":[0,0],"58":[0,1],"59":[0,1],"60":[12,4]},"f":{"1":1,"2":0,"3":0,"4":0,"5":0,"6":0,"7":0,"8":1,"9":2,"10":1,"11":1,"12":2,"13":2,"14":2,"15":2,"16":1,"17":1,"18":1,"19":1,"20":1,"21":1,"22":1,"23":1,"24":1,"25":1,"26":1,"27":1,"28":1,"29":1,"30":1,"31":1,"32":1,"33":1,"34":1,"35":1,"36":1,"37":1,"38":1,"39":1,"40":1,"41":1,"42":1,"43":1,"44":1,"45":1,"46":1,"47":1,"48":1,"49":1,"50":1,"51":1,"52":1,"53":1,"54":1,"55":0,"56":0,"57":0,"58":0,"59":1,"60":1,"61":1,"62":1,"63":16},"fnMap":{"1":{"name":"(anonymous_1)","line":17,"loc":{"start":{"line":17,"column":17},"end":{"line":17,"column":41}}},"2":{"name":"(anonymous_2)","line":19,"loc":{"start":{"line":19,"column":29},"end":{"line":19,"column":44}}},"3":{"name":"(anonymous_3)","line":22,"loc":{"start":{"line":22,"column":24},"end":{"line":22,"column":38}}},"4":{"name":"(anonymous_4)","line":26,"loc":{"start":{"line":26,"column":25},"end":{"line":26,"column":49}}},"5":{"name":"(anonymous_5)","line":34,"loc":{"start":{"line":34,"column":17},"end":{"line":34,"column":36}}},"6":{"name":"(anonymous_6)","line":42,"loc":{"start":{"line":42,"column":22},"end":{"line":42,"column":41}}},"7":{"name":"(anonymous_7)","line":58,"loc":{"start":{"line":58,"column":23},"end":{"line":58,"column":42}}},"8":{"name":"(anonymous_8)","line":75,"loc":{"start":{"line":75,"column":36},"end":{"line":75,"column":55}}},"9":{"name":"(anonymous_9)","line":84,"loc":{"start":{"line":84,"column":23},"end":{"line":84,"column":42}}},"10":{"name":"(anonymous_10)","line":120,"loc":{"start":{"line":120,"column":29},"end":{"line":120,"column":48}}},"11":{"name":"(anonymous_11)","line":121,"loc":{"start":{"line":121,"column":50},"end":{"line":121,"column":71}}},"12":{"name":"(anonymous_12)","line":130,"loc":{"start":{"line":130,"column":26},"end":{"line":130,"column":45}}},"13":{"name":"(anonymous_13)","line":131,"loc":{"start":{"line":131,"column":25},"end":{"line":131,"column":46}}},"14":{"name":"(anonymous_14)","line":140,"loc":{"start":{"line":140,"column":27},"end":{"line":140,"column":46}}},"15":{"name":"(anonymous_15)","line":151,"loc":{"start":{"line":151,"column":22},"end":{"line":151,"column":42}}},"16":{"name":"(anonymous_16)","line":162,"loc":{"start":{"line":162,"column":31},"end":{"line":162,"column":50}}},"17":{"name":"(anonymous_17)","line":163,"loc":{"start":{"line":163,"column":50},"end":{"line":163,"column":71}}},"18":{"name":"(anonymous_18)","line":171,"loc":{"start":{"line":171,"column":23},"end":{"line":171,"column":37}}},"19":{"name":"(anonymous_19)","line":183,"loc":{"start":{"line":183,"column":32},"end":{"line":183,"column":51}}},"20":{"name":"(anonymous_20)","line":184,"loc":{"start":{"line":184,"column":49},"end":{"line":184,"column":63}}},"21":{"name":"(anonymous_21)","line":194,"loc":{"start":{"line":194,"column":36},"end":{"line":194,"column":55}}},"22":{"name":"(anonymous_22)","line":195,"loc":{"start":{"line":195,"column":50},"end":{"line":195,"column":72}}},"23":{"name":"(anonymous_23)","line":206,"loc":{"start":{"line":206,"column":33},"end":{"line":206,"column":52}}},"24":{"name":"(anonymous_24)","line":212,"loc":{"start":{"line":212,"column":50},"end":{"line":212,"column":74}}},"25":{"name":"(anonymous_25)","line":218,"loc":{"start":{"line":218,"column":35},"end":{"line":218,"column":60}}},"26":{"name":"(anonymous_26)","line":224,"loc":{"start":{"line":224,"column":74},"end":{"line":224,"column":101}}},"27":{"name":"(anonymous_27)","line":234,"loc":{"start":{"line":234,"column":70},"end":{"line":234,"column":101}}},"28":{"name":"(anonymous_28)","line":257,"loc":{"start":{"line":257,"column":37},"end":{"line":257,"column":56}}},"29":{"name":"(anonymous_29)","line":261,"loc":{"start":{"line":261,"column":50},"end":{"line":261,"column":71}}},"30":{"name":"(anonymous_30)","line":267,"loc":{"start":{"line":267,"column":62},"end":{"line":267,"column":89}}},"31":{"name":"(anonymous_31)","line":279,"loc":{"start":{"line":279,"column":62},"end":{"line":279,"column":84}}},"32":{"name":"(anonymous_32)","line":315,"loc":{"start":{"line":315,"column":44},"end":{"line":315,"column":63}}},"33":{"name":"(anonymous_33)","line":316,"loc":{"start":{"line":316,"column":50},"end":{"line":316,"column":71}}},"34":{"name":"(anonymous_34)","line":323,"loc":{"start":{"line":323,"column":31},"end":{"line":323,"column":45}}},"35":{"name":"(anonymous_35)","line":339,"loc":{"start":{"line":339,"column":43},"end":{"line":339,"column":62}}},"36":{"name":"(anonymous_36)","line":340,"loc":{"start":{"line":340,"column":50},"end":{"line":340,"column":71}}},"37":{"name":"(anonymous_37)","line":347,"loc":{"start":{"line":347,"column":31},"end":{"line":347,"column":45}}},"38":{"name":"(anonymous_38)","line":363,"loc":{"start":{"line":363,"column":47},"end":{"line":363,"column":66}}},"39":{"name":"(anonymous_39)","line":367,"loc":{"start":{"line":367,"column":50},"end":{"line":367,"column":71}}},"40":{"name":"(anonymous_40)","line":373,"loc":{"start":{"line":373,"column":62},"end":{"line":373,"column":89}}},"41":{"name":"(anonymous_41)","line":389,"loc":{"start":{"line":389,"column":62},"end":{"line":389,"column":84}}},"42":{"name":"(anonymous_42)","line":414,"loc":{"start":{"line":414,"column":78},"end":{"line":414,"column":104}}},"43":{"name":"(anonymous_43)","line":456,"loc":{"start":{"line":456,"column":42},"end":{"line":456,"column":61}}},"44":{"name":"(anonymous_44)","line":459,"loc":{"start":{"line":459,"column":50},"end":{"line":459,"column":71}}},"45":{"name":"(anonymous_45)","line":466,"loc":{"start":{"line":466,"column":66},"end":{"line":466,"column":92}}},"46":{"name":"(anonymous_46)","line":473,"loc":{"start":{"line":473,"column":74},"end":{"line":473,"column":101}}},"47":{"name":"(anonymous_47)","line":485,"loc":{"start":{"line":485,"column":74},"end":{"line":485,"column":96}}},"48":{"name":"(anonymous_48)","line":529,"loc":{"start":{"line":529,"column":49},"end":{"line":529,"column":68}}},"49":{"name":"(anonymous_49)","line":547,"loc":{"start":{"line":547,"column":50},"end":{"line":547,"column":71}}},"50":{"name":"(anonymous_50)","line":553,"loc":{"start":{"line":553,"column":29},"end":{"line":553,"column":61}}},"51":{"name":"(anonymous_51)","line":570,"loc":{"start":{"line":570,"column":56},"end":{"line":570,"column":75}}},"52":{"name":"(anonymous_52)","line":577,"loc":{"start":{"line":577,"column":50},"end":{"line":577,"column":71}}},"53":{"name":"(anonymous_53)","line":584,"loc":{"start":{"line":584,"column":33},"end":{"line":584,"column":65}}},"54":{"name":"(anonymous_54)","line":591,"loc":{"start":{"line":591,"column":45},"end":{"line":591,"column":69}}},"55":{"name":"(anonymous_55)","line":610,"loc":{"start":{"line":610,"column":68},"end":{"line":610,"column":87}}},"56":{"name":"(anonymous_56)","line":611,"loc":{"start":{"line":611,"column":60},"end":{"line":611,"column":86}}},"57":{"name":"(anonymous_57)","line":615,"loc":{"start":{"line":615,"column":59},"end":{"line":615,"column":80}}},"58":{"name":"(anonymous_58)","line":619,"loc":{"start":{"line":619,"column":40},"end":{"line":619,"column":54}}},"59":{"name":"(anonymous_59)","line":636,"loc":{"start":{"line":636,"column":43},"end":{"line":636,"column":62}}},"60":{"name":"(anonymous_60)","line":642,"loc":{"start":{"line":642,"column":26},"end":{"line":642,"column":55}}},"61":{"name":"(anonymous_61)","line":651,"loc":{"start":{"line":651,"column":34},"end":{"line":651,"column":53}}},"62":{"name":"(anonymous_62)","line":657,"loc":{"start":{"line":657,"column":21},"end":{"line":657,"column":41}}},"63":{"name":"isLoggedIn","line":669,"loc":{"start":{"line":669,"column":0},"end":{"line":669,"column":36}}}},"statementMap":{"1":{"start":{"line":1,"column":0},"end":{"line":1,"column":35}},"2":{"start":{"line":2,"column":0},"end":{"line":2,"column":27}},"3":{"start":{"line":3,"column":0},"end":{"line":3,"column":33}},"4":{"start":{"line":4,"column":0},"end":{"line":4,"column":27}},"5":{"start":{"line":5,"column":0},"end":{"line":5,"column":37}},"6":{"start":{"line":8,"column":0},"end":{"line":8,"column":52}},"7":{"start":{"line":11,"column":0},"end":{"line":11,"column":39}},"8":{"start":{"line":12,"column":0},"end":{"line":12,"column":57}},"9":{"start":{"line":13,"column":0},"end":{"line":13,"column":47}},"10":{"start":{"line":14,"column":0},"end":{"line":14,"column":39}},"11":{"start":{"line":15,"column":0},"end":{"line":15,"column":11}},"12":{"start":{"line":17,"column":0},"end":{"line":666,"column":2}},"13":{"start":{"line":19,"column":4},"end":{"line":29,"column":19}},"14":{"start":{"line":20,"column":8},"end":{"line":20,"column":45}},"15":{"start":{"line":21,"column":8},"end":{"line":21,"column":40}},"16":{"start":{"line":22,"column":8},"end":{"line":25,"column":10}},"17":{"start":{"line":23,"column":12},"end":{"line":23,"column":29}},"18":{"start":{"line":24,"column":12},"end":{"line":24,"column":31}},"19":{"start":{"line":26,"column":8},"end":{"line":28,"column":7}},"20":{"start":{"line":27,"column":2},"end":{"line":27,"column":35}},"21":{"start":{"line":34,"column":4},"end":{"line":36,"column":7}},"22":{"start":{"line":35,"column":8},"end":{"line":35,"column":32}},"23":{"start":{"line":42,"column":4},"end":{"line":45,"column":7}},"24":{"start":{"line":44,"column":8},"end":{"line":44,"column":72}},"25":{"start":{"line":48,"column":4},"end":{"line":52,"column":8}},"26":{"start":{"line":58,"column":4},"end":{"line":62,"column":7}},"27":{"start":{"line":61,"column":8},"end":{"line":61,"column":74}},"28":{"start":{"line":64,"column":4},"end":{"line":68,"column":8}},"29":{"start":{"line":75,"column":4},"end":{"line":79,"column":7}},"30":{"start":{"line":76,"column":8},"end":{"line":78,"column":11}},"31":{"start":{"line":84,"column":4},"end":{"line":87,"column":7}},"32":{"start":{"line":85,"column":8},"end":{"line":85,"column":21}},"33":{"start":{"line":86,"column":8},"end":{"line":86,"column":26}},"34":{"start":{"line":95,"column":4},"end":{"line":95,"column":94}},"35":{"start":{"line":98,"column":4},"end":{"line":101,"column":8}},"36":{"start":{"line":103,"column":4},"end":{"line":103,"column":94}},"37":{"start":{"line":106,"column":4},"end":{"line":109,"column":8}},"38":{"start":{"line":120,"column":4},"end":{"line":128,"column":6}},"39":{"start":{"line":121,"column":8},"end":{"line":127,"column":10}},"40":{"start":{"line":122,"column":12},"end":{"line":126,"column":13}},"41":{"start":{"line":123,"column":16},"end":{"line":123,"column":61}},"42":{"start":{"line":125,"column":16},"end":{"line":125,"column":32}},"43":{"start":{"line":130,"column":4},"end":{"line":138,"column":6}},"44":{"start":{"line":131,"column":8},"end":{"line":137,"column":10}},"45":{"start":{"line":132,"column":12},"end":{"line":136,"column":13}},"46":{"start":{"line":133,"column":16},"end":{"line":133,"column":62}},"47":{"start":{"line":135,"column":16},"end":{"line":135,"column":32}},"48":{"start":{"line":140,"column":4},"end":{"line":160,"column":6}},"49":{"start":{"line":141,"column":8},"end":{"line":141,"column":30}},"50":{"start":{"line":143,"column":8},"end":{"line":159,"column":9}},"51":{"start":{"line":145,"column":12},"end":{"line":145,"column":60}},"52":{"start":{"line":148,"column":12},"end":{"line":148,"column":38}},"53":{"start":{"line":149,"column":12},"end":{"line":149,"column":44}},"54":{"start":{"line":151,"column":12},"end":{"line":158,"column":14}},"55":{"start":{"line":152,"column":16},"end":{"line":157,"column":17}},"56":{"start":{"line":153,"column":20},"end":{"line":153,"column":67}},"57":{"start":{"line":155,"column":20},"end":{"line":155,"column":36}},"58":{"start":{"line":156,"column":20},"end":{"line":156,"column":35}},"59":{"start":{"line":162,"column":4},"end":{"line":181,"column":6}},"60":{"start":{"line":163,"column":8},"end":{"line":180,"column":10}},"61":{"start":{"line":164,"column":12},"end":{"line":166,"column":13}},"62":{"start":{"line":165,"column":16},"end":{"line":165,"column":43}},"63":{"start":{"line":167,"column":12},"end":{"line":169,"column":13}},"64":{"start":{"line":168,"column":16},"end":{"line":168,"column":49}},"65":{"start":{"line":171,"column":12},"end":{"line":179,"column":14}},"66":{"start":{"line":172,"column":16},"end":{"line":178,"column":17}},"67":{"start":{"line":173,"column":20},"end":{"line":173,"column":67}},"68":{"start":{"line":176,"column":20},"end":{"line":176,"column":36}},"69":{"start":{"line":177,"column":20},"end":{"line":177,"column":36}},"70":{"start":{"line":183,"column":4},"end":{"line":192,"column":6}},"71":{"start":{"line":184,"column":8},"end":{"line":191,"column":10}},"72":{"start":{"line":185,"column":12},"end":{"line":190,"column":13}},"73":{"start":{"line":186,"column":16},"end":{"line":186,"column":63}},"74":{"start":{"line":188,"column":16},"end":{"line":188,"column":32}},"75":{"start":{"line":189,"column":16},"end":{"line":189,"column":54}},"76":{"start":{"line":194,"column":4},"end":{"line":203,"column":6}},"77":{"start":{"line":195,"column":8},"end":{"line":202,"column":10}},"78":{"start":{"line":196,"column":12},"end":{"line":201,"column":13}},"79":{"start":{"line":197,"column":16},"end":{"line":197,"column":68}},"80":{"start":{"line":199,"column":16},"end":{"line":199,"column":32}},"81":{"start":{"line":200,"column":16},"end":{"line":200,"column":33}},"82":{"start":{"line":206,"column":4},"end":{"line":255,"column":7}},"83":{"start":{"line":208,"column":8},"end":{"line":208,"column":20}},"84":{"start":{"line":209,"column":8},"end":{"line":209,"column":23}},"85":{"start":{"line":210,"column":8},"end":{"line":210,"column":18}},"86":{"start":{"line":212,"column":8},"end":{"line":254,"column":10}},"87":{"start":{"line":213,"column":12},"end":{"line":253,"column":13}},"88":{"start":{"line":214,"column":16},"end":{"line":214,"column":46}},"89":{"start":{"line":216,"column":16},"end":{"line":216,"column":35}},"90":{"start":{"line":218,"column":16},"end":{"line":252,"column":18}},"91":{"start":{"line":219,"column":20},"end":{"line":251,"column":21}},"92":{"start":{"line":220,"column":24},"end":{"line":220,"column":54}},"93":{"start":{"line":222,"column":24},"end":{"line":222,"column":42}},"94":{"start":{"line":224,"column":24},"end":{"line":249,"column":27}},"95":{"start":{"line":225,"column":28},"end":{"line":248,"column":29}},"96":{"start":{"line":226,"column":32},"end":{"line":226,"column":62}},"97":{"start":{"line":228,"column":32},"end":{"line":228,"column":45}},"98":{"start":{"line":230,"column":32},"end":{"line":232,"column":33}},"99":{"start":{"line":231,"column":36},"end":{"line":231,"column":68}},"100":{"start":{"line":234,"column":32},"end":{"line":247,"column":34}},"101":{"start":{"line":235,"column":36},"end":{"line":246,"column":37}},"102":{"start":{"line":236,"column":40},"end":{"line":236,"column":70}},"103":{"start":{"line":238,"column":40},"end":{"line":238,"column":69}},"104":{"start":{"line":240,"column":40},"end":{"line":245,"column":43}},"105":{"start":{"line":257,"column":4},"end":{"line":313,"column":6}},"106":{"start":{"line":258,"column":8},"end":{"line":258,"column":17}},"107":{"start":{"line":259,"column":8},"end":{"line":259,"column":23}},"108":{"start":{"line":261,"column":8},"end":{"line":312,"column":10}},"109":{"start":{"line":262,"column":12},"end":{"line":311,"column":13}},"110":{"start":{"line":263,"column":16},"end":{"line":263,"column":65}},"111":{"start":{"line":265,"column":16},"end":{"line":265,"column":29}},"112":{"start":{"line":267,"column":16},"end":{"line":310,"column":18}},"113":{"start":{"line":268,"column":20},"end":{"line":309,"column":21}},"114":{"start":{"line":269,"column":24},"end":{"line":269,"column":79}},"115":{"start":{"line":273,"column":24},"end":{"line":273,"column":37}},"116":{"start":{"line":275,"column":24},"end":{"line":277,"column":25}},"117":{"start":{"line":276,"column":28},"end":{"line":276,"column":60}},"118":{"start":{"line":279,"column":24},"end":{"line":308,"column":26}},"119":{"start":{"line":280,"column":28},"end":{"line":307,"column":29}},"120":{"start":{"line":281,"column":32},"end":{"line":281,"column":82}},"121":{"start":{"line":284,"column":32},"end":{"line":300,"column":33}},"122":{"start":{"line":285,"column":36},"end":{"line":299,"column":37}},"123":{"start":{"line":286,"column":40},"end":{"line":298,"column":41}},"124":{"start":{"line":287,"column":44},"end":{"line":287,"column":109}},"125":{"start":{"line":289,"column":44},"end":{"line":289,"column":67}},"126":{"start":{"line":291,"column":44},"end":{"line":297,"column":45}},"127":{"start":{"line":293,"column":48},"end":{"line":296,"column":49}},"128":{"start":{"line":295,"column":52},"end":{"line":295,"column":140}},"129":{"start":{"line":302,"column":32},"end":{"line":306,"column":35}},"130":{"start":{"line":315,"column":4},"end":{"line":337,"column":6}},"131":{"start":{"line":316,"column":8},"end":{"line":336,"column":10}},"132":{"start":{"line":317,"column":12},"end":{"line":335,"column":13}},"133":{"start":{"line":318,"column":16},"end":{"line":318,"column":59}},"134":{"start":{"line":320,"column":16},"end":{"line":334,"column":17}},"135":{"start":{"line":321,"column":20},"end":{"line":321,"column":49}},"136":{"start":{"line":323,"column":20},"end":{"line":330,"column":22}},"137":{"start":{"line":324,"column":24},"end":{"line":329,"column":25}},"138":{"start":{"line":325,"column":28},"end":{"line":325,"column":78}},"139":{"start":{"line":328,"column":28},"end":{"line":328,"column":77}},"140":{"start":{"line":333,"column":20},"end":{"line":333,"column":103}},"141":{"start":{"line":339,"column":4},"end":{"line":361,"column":6}},"142":{"start":{"line":340,"column":8},"end":{"line":360,"column":10}},"143":{"start":{"line":341,"column":12},"end":{"line":359,"column":13}},"144":{"start":{"line":342,"column":16},"end":{"line":342,"column":59}},"145":{"start":{"line":344,"column":16},"end":{"line":358,"column":17}},"146":{"start":{"line":345,"column":20},"end":{"line":345,"column":48}},"147":{"start":{"line":347,"column":20},"end":{"line":354,"column":22}},"148":{"start":{"line":348,"column":24},"end":{"line":353,"column":25}},"149":{"start":{"line":349,"column":28},"end":{"line":349,"column":78}},"150":{"start":{"line":352,"column":28},"end":{"line":352,"column":77}},"151":{"start":{"line":357,"column":20},"end":{"line":357,"column":103}},"152":{"start":{"line":363,"column":4},"end":{"line":454,"column":6}},"153":{"start":{"line":364,"column":8},"end":{"line":364,"column":17}},"154":{"start":{"line":365,"column":8},"end":{"line":365,"column":23}},"155":{"start":{"line":367,"column":8},"end":{"line":453,"column":10}},"156":{"start":{"line":368,"column":12},"end":{"line":452,"column":13}},"157":{"start":{"line":369,"column":16},"end":{"line":369,"column":65}},"158":{"start":{"line":371,"column":16},"end":{"line":371,"column":29}},"159":{"start":{"line":373,"column":16},"end":{"line":451,"column":18}},"160":{"start":{"line":374,"column":20},"end":{"line":450,"column":21}},"161":{"start":{"line":375,"column":24},"end":{"line":375,"column":79}},"162":{"start":{"line":379,"column":24},"end":{"line":379,"column":37}},"163":{"start":{"line":380,"column":24},"end":{"line":380,"column":40}},"164":{"start":{"line":382,"column":24},"end":{"line":387,"column":25}},"165":{"start":{"line":383,"column":28},"end":{"line":383,"column":60}},"166":{"start":{"line":384,"column":28},"end":{"line":386,"column":29}},"167":{"start":{"line":385,"column":32},"end":{"line":385,"column":61}},"168":{"start":{"line":389,"column":24},"end":{"line":449,"column":26}},"169":{"start":{"line":390,"column":28},"end":{"line":448,"column":29}},"170":{"start":{"line":391,"column":32},"end":{"line":391,"column":82}},"171":{"start":{"line":394,"column":32},"end":{"line":410,"column":33}},"172":{"start":{"line":395,"column":36},"end":{"line":409,"column":37}},"173":{"start":{"line":396,"column":40},"end":{"line":408,"column":41}},"174":{"start":{"line":397,"column":44},"end":{"line":397,"column":109}},"175":{"start":{"line":399,"column":44},"end":{"line":399,"column":67}},"176":{"start":{"line":401,"column":44},"end":{"line":407,"column":45}},"177":{"start":{"line":403,"column":48},"end":{"line":406,"column":49}},"178":{"start":{"line":405,"column":52},"end":{"line":405,"column":140}},"179":{"start":{"line":412,"column":32},"end":{"line":412,"column":52}},"180":{"start":{"line":414,"column":32},"end":{"line":447,"column":34}},"181":{"start":{"line":415,"column":36},"end":{"line":446,"column":37}},"182":{"start":{"line":416,"column":40},"end":{"line":416,"column":88}},"183":{"start":{"line":419,"column":40},"end":{"line":419,"column":70}},"184":{"start":{"line":420,"column":40},"end":{"line":420,"column":68}},"185":{"start":{"line":422,"column":40},"end":{"line":435,"column":41}},"186":{"start":{"line":423,"column":44},"end":{"line":423,"column":68}},"187":{"start":{"line":424,"column":44},"end":{"line":431,"column":45}},"188":{"start":{"line":425,"column":48},"end":{"line":430,"column":49}},"189":{"start":{"line":426,"column":52},"end":{"line":426,"column":80}},"190":{"start":{"line":427,"column":52},"end":{"line":427,"column":134}},"191":{"start":{"line":428,"column":52},"end":{"line":428,"column":89}},"192":{"start":{"line":429,"column":52},"end":{"line":429,"column":71}},"193":{"start":{"line":432,"column":44},"end":{"line":434,"column":45}},"194":{"start":{"line":433,"column":48},"end":{"line":433,"column":89}},"195":{"start":{"line":437,"column":40},"end":{"line":445,"column":43}},"196":{"start":{"line":456,"column":4},"end":{"line":527,"column":6}},"197":{"start":{"line":457,"column":8},"end":{"line":457,"column":17}},"198":{"start":{"line":459,"column":8},"end":{"line":526,"column":10}},"199":{"start":{"line":460,"column":12},"end":{"line":525,"column":13}},"200":{"start":{"line":461,"column":16},"end":{"line":461,"column":59}},"201":{"start":{"line":463,"column":16},"end":{"line":463,"column":29}},"202":{"start":{"line":465,"column":16},"end":{"line":524,"column":17}},"203":{"start":{"line":466,"column":20},"end":{"line":520,"column":22}},"204":{"start":{"line":467,"column":24},"end":{"line":519,"column":25}},"205":{"start":{"line":468,"column":28},"end":{"line":468,"column":76}},"206":{"start":{"line":471,"column":28},"end":{"line":471,"column":51}},"207":{"start":{"line":473,"column":28},"end":{"line":518,"column":30}},"208":{"start":{"line":474,"column":32},"end":{"line":517,"column":33}},"209":{"start":{"line":475,"column":36},"end":{"line":475,"column":91}},"210":{"start":{"line":479,"column":36},"end":{"line":479,"column":49}},"211":{"start":{"line":481,"column":36},"end":{"line":483,"column":37}},"212":{"start":{"line":482,"column":40},"end":{"line":482,"column":72}},"213":{"start":{"line":485,"column":36},"end":{"line":516,"column":38}},"214":{"start":{"line":486,"column":40},"end":{"line":515,"column":41}},"215":{"start":{"line":487,"column":44},"end":{"line":487,"column":94}},"216":{"start":{"line":490,"column":44},"end":{"line":505,"column":45}},"217":{"start":{"line":491,"column":48},"end":{"line":504,"column":49}},"218":{"start":{"line":492,"column":52},"end":{"line":503,"column":53}},"219":{"start":{"line":493,"column":56},"end":{"line":493,"column":121}},"220":{"start":{"line":495,"column":56},"end":{"line":495,"column":79}},"221":{"start":{"line":497,"column":56},"end":{"line":502,"column":57}},"222":{"start":{"line":499,"column":60},"end":{"line":501,"column":61}},"223":{"start":{"line":500,"column":64},"end":{"line":500,"column":152}},"224":{"start":{"line":507,"column":44},"end":{"line":507,"column":64}},"225":{"start":{"line":509,"column":44},"end":{"line":514,"column":47}},"226":{"start":{"line":523,"column":20},"end":{"line":523,"column":101}},"227":{"start":{"line":529,"column":4},"end":{"line":568,"column":6}},"228":{"start":{"line":531,"column":8},"end":{"line":531,"column":31}},"229":{"start":{"line":532,"column":8},"end":{"line":532,"column":31}},"230":{"start":{"line":533,"column":8},"end":{"line":533,"column":31}},"231":{"start":{"line":534,"column":8},"end":{"line":534,"column":31}},"232":{"start":{"line":535,"column":8},"end":{"line":535,"column":35}},"233":{"start":{"line":536,"column":8},"end":{"line":536,"column":17}},"234":{"start":{"line":538,"column":8},"end":{"line":545,"column":9}},"235":{"start":{"line":539,"column":12},"end":{"line":539,"column":90}},"236":{"start":{"line":540,"column":12},"end":{"line":540,"column":23}},"237":{"start":{"line":541,"column":12},"end":{"line":541,"column":32}},"238":{"start":{"line":542,"column":12},"end":{"line":542,"column":35}},"239":{"start":{"line":543,"column":12},"end":{"line":543,"column":36}},"240":{"start":{"line":544,"column":12},"end":{"line":544,"column":36}},"241":{"start":{"line":547,"column":8},"end":{"line":566,"column":10}},"242":{"start":{"line":548,"column":12},"end":{"line":565,"column":13}},"243":{"start":{"line":549,"column":16},"end":{"line":549,"column":59}},"244":{"start":{"line":551,"column":16},"end":{"line":551,"column":29}},"245":{"start":{"line":553,"column":16},"end":{"line":564,"column":18}},"246":{"start":{"line":554,"column":20},"end":{"line":563,"column":21}},"247":{"start":{"line":555,"column":24},"end":{"line":555,"column":52}},"248":{"start":{"line":557,"column":24},"end":{"line":562,"column":27}},"249":{"start":{"line":570,"column":4},"end":{"line":607,"column":6}},"250":{"start":{"line":571,"column":8},"end":{"line":571,"column":41}},"251":{"start":{"line":573,"column":8},"end":{"line":573,"column":61}},"252":{"start":{"line":575,"column":8},"end":{"line":575,"column":118}},"253":{"start":{"line":577,"column":8},"end":{"line":606,"column":10}},"254":{"start":{"line":578,"column":12},"end":{"line":605,"column":13}},"255":{"start":{"line":579,"column":16},"end":{"line":579,"column":46}},"256":{"start":{"line":581,"column":16},"end":{"line":581,"column":29}},"257":{"start":{"line":583,"column":16},"end":{"line":604,"column":17}},"258":{"start":{"line":584,"column":20},"end":{"line":600,"column":22}},"259":{"start":{"line":585,"column":24},"end":{"line":599,"column":25}},"260":{"start":{"line":586,"column":28},"end":{"line":586,"column":56}},"261":{"start":{"line":588,"column":28},"end":{"line":588,"column":60}},"262":{"start":{"line":589,"column":28},"end":{"line":589,"column":63}},"263":{"start":{"line":591,"column":28},"end":{"line":598,"column":30}},"264":{"start":{"line":592,"column":32},"end":{"line":597,"column":33}},"265":{"start":{"line":593,"column":36},"end":{"line":593,"column":70}},"266":{"start":{"line":595,"column":36},"end":{"line":595,"column":52}},"267":{"start":{"line":596,"column":36},"end":{"line":596,"column":62}},"268":{"start":{"line":603,"column":20},"end":{"line":603,"column":101}},"269":{"start":{"line":610,"column":4},"end":{"line":634,"column":6}},"270":{"start":{"line":611,"column":8},"end":{"line":633,"column":10}},"271":{"start":{"line":612,"column":12},"end":{"line":632,"column":13}},"272":{"start":{"line":613,"column":16},"end":{"line":613,"column":52}},"273":{"start":{"line":615,"column":16},"end":{"line":631,"column":18}},"274":{"start":{"line":616,"column":20},"end":{"line":616,"column":42}},"275":{"start":{"line":617,"column":20},"end":{"line":630,"column":21}},"276":{"start":{"line":618,"column":24},"end":{"line":618,"column":105}},"277":{"start":{"line":619,"column":24},"end":{"line":626,"column":26}},"278":{"start":{"line":620,"column":28},"end":{"line":625,"column":29}},"279":{"start":{"line":621,"column":32},"end":{"line":621,"column":87}},"280":{"start":{"line":624,"column":32},"end":{"line":624,"column":87}},"281":{"start":{"line":629,"column":24},"end":{"line":629,"column":102}},"282":{"start":{"line":636,"column":4},"end":{"line":649,"column":6}},"283":{"start":{"line":637,"column":8},"end":{"line":637,"column":47}},"284":{"start":{"line":639,"column":8},"end":{"line":639,"column":42}},"285":{"start":{"line":640,"column":8},"end":{"line":640,"column":44}},"286":{"start":{"line":642,"column":8},"end":{"line":648,"column":10}},"287":{"start":{"line":643,"column":12},"end":{"line":647,"column":13}},"288":{"start":{"line":644,"column":16},"end":{"line":644,"column":47}},"289":{"start":{"line":646,"column":16},"end":{"line":646,"column":70}},"290":{"start":{"line":651,"column":4},"end":{"line":665,"column":7}},"291":{"start":{"line":652,"column":8},"end":{"line":652,"column":33}},"292":{"start":{"line":654,"column":8},"end":{"line":654,"column":37}},"293":{"start":{"line":655,"column":8},"end":{"line":655,"column":38}},"294":{"start":{"line":657,"column":8},"end":{"line":664,"column":10}},"295":{"start":{"line":658,"column":12},"end":{"line":663,"column":13}},"296":{"start":{"line":659,"column":16},"end":{"line":659,"column":46}},"297":{"start":{"line":661,"column":16},"end":{"line":661,"column":32}},"298":{"start":{"line":662,"column":16},"end":{"line":662,"column":38}},"299":{"start":{"line":669,"column":0},"end":{"line":678,"column":1}},"300":{"start":{"line":672,"column":4},"end":{"line":673,"column":22}},"301":{"start":{"line":673,"column":8},"end":{"line":673,"column":22}},"302":{"start":{"line":676,"column":4},"end":{"line":676,"column":20}},"303":{"start":{"line":677,"column":4},"end":{"line":677,"column":22}}},"branchMap":{"1":{"line":122,"type":"if","locations":[{"start":{"line":122,"column":12},"end":{"line":122,"column":12}},{"start":{"line":122,"column":12},"end":{"line":122,"column":12}}]},"2":{"line":132,"type":"if","locations":[{"start":{"line":132,"column":12},"end":{"line":132,"column":12}},{"start":{"line":132,"column":12},"end":{"line":132,"column":12}}]},"3":{"line":143,"type":"if","locations":[{"start":{"line":143,"column":8},"end":{"line":143,"column":8}},{"start":{"line":143,"column":8},"end":{"line":143,"column":8}}]},"4":{"line":152,"type":"if","locations":[{"start":{"line":152,"column":16},"end":{"line":152,"column":16}},{"start":{"line":152,"column":16},"end":{"line":152,"column":16}}]},"5":{"line":164,"type":"if","locations":[{"start":{"line":164,"column":12},"end":{"line":164,"column":12}},{"start":{"line":164,"column":12},"end":{"line":164,"column":12}}]},"6":{"line":167,"type":"if","locations":[{"start":{"line":167,"column":12},"end":{"line":167,"column":12}},{"start":{"line":167,"column":12},"end":{"line":167,"column":12}}]},"7":{"line":172,"type":"if","locations":[{"start":{"line":172,"column":16},"end":{"line":172,"column":16}},{"start":{"line":172,"column":16},"end":{"line":172,"column":16}}]},"8":{"line":185,"type":"if","locations":[{"start":{"line":185,"column":12},"end":{"line":185,"column":12}},{"start":{"line":185,"column":12},"end":{"line":185,"column":12}}]},"9":{"line":196,"type":"if","locations":[{"start":{"line":196,"column":12},"end":{"line":196,"column":12}},{"start":{"line":196,"column":12},"end":{"line":196,"column":12}}]},"10":{"line":213,"type":"if","locations":[{"start":{"line":213,"column":12},"end":{"line":213,"column":12}},{"start":{"line":213,"column":12},"end":{"line":213,"column":12}}]},"11":{"line":219,"type":"if","locations":[{"start":{"line":219,"column":20},"end":{"line":219,"column":20}},{"start":{"line":219,"column":20},"end":{"line":219,"column":20}}]},"12":{"line":225,"type":"if","locations":[{"start":{"line":225,"column":28},"end":{"line":225,"column":28}},{"start":{"line":225,"column":28},"end":{"line":225,"column":28}}]},"13":{"line":235,"type":"if","locations":[{"start":{"line":235,"column":36},"end":{"line":235,"column":36}},{"start":{"line":235,"column":36},"end":{"line":235,"column":36}}]},"14":{"line":262,"type":"if","locations":[{"start":{"line":262,"column":12},"end":{"line":262,"column":12}},{"start":{"line":262,"column":12},"end":{"line":262,"column":12}}]},"15":{"line":268,"type":"if","locations":[{"start":{"line":268,"column":20},"end":{"line":268,"column":20}},{"start":{"line":268,"column":20},"end":{"line":268,"column":20}}]},"16":{"line":280,"type":"if","locations":[{"start":{"line":280,"column":28},"end":{"line":280,"column":28}},{"start":{"line":280,"column":28},"end":{"line":280,"column":28}}]},"17":{"line":286,"type":"if","locations":[{"start":{"line":286,"column":40},"end":{"line":286,"column":40}},{"start":{"line":286,"column":40},"end":{"line":286,"column":40}}]},"18":{"line":293,"type":"if","locations":[{"start":{"line":293,"column":48},"end":{"line":293,"column":48}},{"start":{"line":293,"column":48},"end":{"line":293,"column":48}}]},"19":{"line":293,"type":"binary-expr","locations":[{"start":{"line":293,"column":51},"end":{"line":293,"column":128}},{"start":{"line":293,"column":132},"end":{"line":293,"column":138}}]},"20":{"line":317,"type":"if","locations":[{"start":{"line":317,"column":12},"end":{"line":317,"column":12}},{"start":{"line":317,"column":12},"end":{"line":317,"column":12}}]},"21":{"line":320,"type":"if","locations":[{"start":{"line":320,"column":16},"end":{"line":320,"column":16}},{"start":{"line":320,"column":16},"end":{"line":320,"column":16}}]},"22":{"line":324,"type":"if","locations":[{"start":{"line":324,"column":24},"end":{"line":324,"column":24}},{"start":{"line":324,"column":24},"end":{"line":324,"column":24}}]},"23":{"line":341,"type":"if","locations":[{"start":{"line":341,"column":12},"end":{"line":341,"column":12}},{"start":{"line":341,"column":12},"end":{"line":341,"column":12}}]},"24":{"line":344,"type":"if","locations":[{"start":{"line":344,"column":16},"end":{"line":344,"column":16}},{"start":{"line":344,"column":16},"end":{"line":344,"column":16}}]},"25":{"line":348,"type":"if","locations":[{"start":{"line":348,"column":24},"end":{"line":348,"column":24}},{"start":{"line":348,"column":24},"end":{"line":348,"column":24}}]},"26":{"line":368,"type":"if","locations":[{"start":{"line":368,"column":12},"end":{"line":368,"column":12}},{"start":{"line":368,"column":12},"end":{"line":368,"column":12}}]},"27":{"line":374,"type":"if","locations":[{"start":{"line":374,"column":20},"end":{"line":374,"column":20}},{"start":{"line":374,"column":20},"end":{"line":374,"column":20}}]},"28":{"line":384,"type":"if","locations":[{"start":{"line":384,"column":28},"end":{"line":384,"column":28}},{"start":{"line":384,"column":28},"end":{"line":384,"column":28}}]},"29":{"line":390,"type":"if","locations":[{"start":{"line":390,"column":28},"end":{"line":390,"column":28}},{"start":{"line":390,"column":28},"end":{"line":390,"column":28}}]},"30":{"line":396,"type":"if","locations":[{"start":{"line":396,"column":40},"end":{"line":396,"column":40}},{"start":{"line":396,"column":40},"end":{"line":396,"column":40}}]},"31":{"line":403,"type":"if","locations":[{"start":{"line":403,"column":48},"end":{"line":403,"column":48}},{"start":{"line":403,"column":48},"end":{"line":403,"column":48}}]},"32":{"line":403,"type":"binary-expr","locations":[{"start":{"line":403,"column":51},"end":{"line":403,"column":128}},{"start":{"line":403,"column":132},"end":{"line":403,"column":138}}]},"33":{"line":415,"type":"if","locations":[{"start":{"line":415,"column":36},"end":{"line":415,"column":36}},{"start":{"line":415,"column":36},"end":{"line":415,"column":36}}]},"34":{"line":425,"type":"if","locations":[{"start":{"line":425,"column":48},"end":{"line":425,"column":48}},{"start":{"line":425,"column":48},"end":{"line":425,"column":48}}]},"35":{"line":432,"type":"if","locations":[{"start":{"line":432,"column":44},"end":{"line":432,"column":44}},{"start":{"line":432,"column":44},"end":{"line":432,"column":44}}]},"36":{"line":460,"type":"if","locations":[{"start":{"line":460,"column":12},"end":{"line":460,"column":12}},{"start":{"line":460,"column":12},"end":{"line":460,"column":12}}]},"37":{"line":465,"type":"if","locations":[{"start":{"line":465,"column":16},"end":{"line":465,"column":16}},{"start":{"line":465,"column":16},"end":{"line":465,"column":16}}]},"38":{"line":467,"type":"if","locations":[{"start":{"line":467,"column":24},"end":{"line":467,"column":24}},{"start":{"line":467,"column":24},"end":{"line":467,"column":24}}]},"39":{"line":474,"type":"if","locations":[{"start":{"line":474,"column":32},"end":{"line":474,"column":32}},{"start":{"line":474,"column":32},"end":{"line":474,"column":32}}]},"40":{"line":486,"type":"if","locations":[{"start":{"line":486,"column":40},"end":{"line":486,"column":40}},{"start":{"line":486,"column":40},"end":{"line":486,"column":40}}]},"41":{"line":492,"type":"if","locations":[{"start":{"line":492,"column":52},"end":{"line":492,"column":52}},{"start":{"line":492,"column":52},"end":{"line":492,"column":52}}]},"42":{"line":499,"type":"if","locations":[{"start":{"line":499,"column":60},"end":{"line":499,"column":60}},{"start":{"line":499,"column":60},"end":{"line":499,"column":60}}]},"43":{"line":499,"type":"binary-expr","locations":[{"start":{"line":499,"column":64},"end":{"line":499,"column":141}},{"start":{"line":499,"column":145},"end":{"line":499,"column":151}}]},"44":{"line":538,"type":"if","locations":[{"start":{"line":538,"column":8},"end":{"line":538,"column":8}},{"start":{"line":538,"column":8},"end":{"line":538,"column":8}}]},"45":{"line":538,"type":"binary-expr","locations":[{"start":{"line":538,"column":12},"end":{"line":538,"column":22}},{"start":{"line":538,"column":26},"end":{"line":538,"column":37}},{"start":{"line":538,"column":41},"end":{"line":538,"column":52}},{"start":{"line":538,"column":56},"end":{"line":538,"column":67}},{"start":{"line":538,"column":71},"end":{"line":538,"column":84}}]},"46":{"line":548,"type":"if","locations":[{"start":{"line":548,"column":12},"end":{"line":548,"column":12}},{"start":{"line":548,"column":12},"end":{"line":548,"column":12}}]},"47":{"line":554,"type":"if","locations":[{"start":{"line":554,"column":20},"end":{"line":554,"column":20}},{"start":{"line":554,"column":20},"end":{"line":554,"column":20}}]},"48":{"line":554,"type":"binary-expr","locations":[{"start":{"line":554,"column":24},"end":{"line":554,"column":30}},{"start":{"line":554,"column":34},"end":{"line":554,"column":60}}]},"49":{"line":578,"type":"if","locations":[{"start":{"line":578,"column":12},"end":{"line":578,"column":12}},{"start":{"line":578,"column":12},"end":{"line":578,"column":12}}]},"50":{"line":583,"type":"if","locations":[{"start":{"line":583,"column":16},"end":{"line":583,"column":16}},{"start":{"line":583,"column":16},"end":{"line":583,"column":16}}]},"51":{"line":585,"type":"if","locations":[{"start":{"line":585,"column":24},"end":{"line":585,"column":24}},{"start":{"line":585,"column":24},"end":{"line":585,"column":24}}]},"52":{"line":585,"type":"binary-expr","locations":[{"start":{"line":585,"column":28},"end":{"line":585,"column":34}},{"start":{"line":585,"column":38},"end":{"line":585,"column":64}}]},"53":{"line":592,"type":"if","locations":[{"start":{"line":592,"column":32},"end":{"line":592,"column":32}},{"start":{"line":592,"column":32},"end":{"line":592,"column":32}}]},"54":{"line":612,"type":"if","locations":[{"start":{"line":612,"column":12},"end":{"line":612,"column":12}},{"start":{"line":612,"column":12},"end":{"line":612,"column":12}}]},"55":{"line":617,"type":"if","locations":[{"start":{"line":617,"column":20},"end":{"line":617,"column":20}},{"start":{"line":617,"column":20},"end":{"line":617,"column":20}}]},"56":{"line":617,"type":"binary-expr","locations":[{"start":{"line":617,"column":24},"end":{"line":617,"column":39}},{"start":{"line":617,"column":43},"end":{"line":617,"column":58}}]},"57":{"line":620,"type":"if","locations":[{"start":{"line":620,"column":28},"end":{"line":620,"column":28}},{"start":{"line":620,"column":28},"end":{"line":620,"column":28}}]},"58":{"line":643,"type":"if","locations":[{"start":{"line":643,"column":12},"end":{"line":643,"column":12}},{"start":{"line":643,"column":12},"end":{"line":643,"column":12}}]},"59":{"line":658,"type":"if","locations":[{"start":{"line":658,"column":12},"end":{"line":658,"column":12}},{"start":{"line":658,"column":12},"end":{"line":658,"column":12}}]},"60":{"line":672,"type":"if","locations":[{"start":{"line":672,"column":4},"end":{"line":672,"column":4}},{"start":{"line":672,"column":4},"end":{"line":672,"column":4}}]}}},"C:\\Repositories\\CSRaceInRest\\app\\models\\race.js":{"path":"C:\\Repositories\\CSRaceInRest\\app\\models\\race.js","s":{"1":1,"2":1,"3":1},"b":{},"f":{},"fnMap":{},"statementMap":{"1":{"start":{"line":2,"column":0},"end":{"line":2,"column":35}},"2":{"start":{"line":5,"column":0},"end":{"line":13,"column":3}},"3":{"start":{"line":16,"column":0},"end":{"line":16,"column":52}}},"branchMap":{}},"C:\\Repositories\\CSRaceInRest\\app\\models\\racedeelnemer.js":{"path":"C:\\Repositories\\CSRaceInRest\\app\\models\\racedeelnemer.js","s":{"1":1,"2":1,"3":1},"b":{},"f":{},"fnMap":{},"statementMap":{"1":{"start":{"line":2,"column":0},"end":{"line":2,"column":35}},"2":{"start":{"line":5,"column":0},"end":{"line":11,"column":3}},"3":{"start":{"line":14,"column":0},"end":{"line":14,"column":70}}},"branchMap":{}},"C:\\Repositories\\CSRaceInRest\\app\\models\\waypoint.js":{"path":"C:\\Repositories\\CSRaceInRest\\app\\models\\waypoint.js","s":{"1":1,"2":1,"3":1},"b":{},"f":{},"fnMap":{},"statementMap":{"1":{"start":{"line":2,"column":0},"end":{"line":2,"column":35}},"2":{"start":{"line":19,"column":0},"end":{"line":31,"column":2}},"3":{"start":{"line":34,"column":0},"end":{"line":34,"column":60}}},"branchMap":{}}}