TN:
SF:C:\Repositories\CSRaceInRest\config\testdatabase.js
FNF:0
FNH:0
DA:1,1
LF:1
LH:1
BRF:0
BRH:0
end_of_record
TN:
SF:C:\Repositories\CSRaceInRest\config\passport.js
FN:12,(anonymous_1)
FN:21,(anonymous_2)
FN:26,(anonymous_3)
FN:27,(anonymous_4)
FN:44,(anonymous_5)
FN:48,(anonymous_6)
FN:52,(anonymous_7)
FN:71,(anonymous_8)
FN:95,(anonymous_9)
FN:99,(anonymous_10)
FN:129,(anonymous_11)
FN:133,(anonymous_12)
FN:139,(anonymous_13)
FN:158,(anonymous_14)
FN:177,(anonymous_15)
FNF:15
FNH:9
FNDA:1,(anonymous_1)
FNDA:16,(anonymous_2)
FNDA:33,(anonymous_3)
FNDA:33,(anonymous_4)
FNDA:1,(anonymous_5)
FNDA:1,(anonymous_6)
FNDA:1,(anonymous_7)
FNDA:0,(anonymous_8)
FNDA:16,(anonymous_9)
FNDA:16,(anonymous_10)
FNDA:0,(anonymous_11)
FNDA:0,(anonymous_12)
FNDA:0,(anonymous_13)
FNDA:0,(anonymous_14)
FNDA:0,(anonymous_15)
DA:2,1
DA:3,1
DA:6,1
DA:9,1
DA:12,1
DA:21,1
DA:22,16
DA:26,1
DA:27,33
DA:28,33
DA:38,1
DA:48,1
DA:52,1
DA:54,1
DA:55,0
DA:58,1
DA:59,1
DA:64,0
DA:67,0
DA:68,0
DA:71,0
DA:72,0
DA:73,0
DA:74,0
DA:89,1
DA:99,16
DA:101,16
DA:102,0
DA:105,16
DA:106,0
DA:109,16
DA:110,0
DA:113,16
DA:121,1
DA:133,0
DA:136,0
DA:139,0
DA:140,0
DA:141,0
DA:143,0
DA:146,0
DA:149,0
DA:152,0
DA:153,0
DA:154,0
DA:155,0
DA:158,0
DA:159,0
DA:160,0
DA:161,0
DA:168,0
DA:171,0
DA:172,0
DA:173,0
DA:174,0
DA:177,0
DA:178,0
DA:179,0
DA:180,0
LF:59
LH:23
BRDA:54,1,0,0
BRDA:54,1,1,1
BRDA:58,2,0,1
BRDA:58,2,1,0
BRDA:72,3,0,0
BRDA:72,3,1,0
BRDA:101,4,0,0
BRDA:101,4,1,16
BRDA:105,5,0,0
BRDA:105,5,1,16
BRDA:109,6,0,0
BRDA:109,6,1,16
BRDA:136,7,0,0
BRDA:136,7,1,0
BRDA:140,8,0,0
BRDA:140,8,1,0
BRDA:143,9,0,0
BRDA:143,9,1,0
BRDA:159,10,0,0
BRDA:159,10,1,0
BRDA:178,11,0,0
BRDA:178,11,1,0
BRF:22
BRH:5
end_of_record
TN:
SF:C:\Repositories\CSRaceInRest\app\models\user.js
FN:35,(anonymous_1)
FN:40,(anonymous_2)
FNF:2
FNH:1
FNDA:0,(anonymous_1)
FNDA:16,(anonymous_2)
DA:2,1
DA:3,1
DA:6,1
DA:35,1
DA:36,0
DA:40,1
DA:41,16
DA:45,1
LF:8
LH:7
BRF:0
BRH:0
end_of_record
TN:
SF:C:\Repositories\CSRaceInRest\config\auth.js
FNF:0
FNH:0
DA:2,1
LF:1
LH:1
BRF:0
BRH:0
end_of_record
TN:
SF:C:\Repositories\CSRaceInRest\app\routes.js
FN:17,(anonymous_1)
FN:19,(anonymous_2)
FN:22,(anonymous_3)
FN:26,(anonymous_4)
FN:34,(anonymous_5)
FN:42,(anonymous_6)
FN:58,(anonymous_7)
FN:75,(anonymous_8)
FN:84,(anonymous_9)
FN:120,(anonymous_10)
FN:121,(anonymous_11)
FN:130,(anonymous_12)
FN:131,(anonymous_13)
FN:140,(anonymous_14)
FN:151,(anonymous_15)
FN:162,(anonymous_16)
FN:163,(anonymous_17)
FN:171,(anonymous_18)
FN:183,(anonymous_19)
FN:184,(anonymous_20)
FN:194,(anonymous_21)
FN:195,(anonymous_22)
FN:206,(anonymous_23)
FN:212,(anonymous_24)
FN:218,(anonymous_25)
FN:224,(anonymous_26)
FN:234,(anonymous_27)
FN:257,(anonymous_28)
FN:261,(anonymous_29)
FN:267,(anonymous_30)
FN:279,(anonymous_31)
FN:315,(anonymous_32)
FN:316,(anonymous_33)
FN:323,(anonymous_34)
FN:339,(anonymous_35)
FN:340,(anonymous_36)
FN:347,(anonymous_37)
FN:363,(anonymous_38)
FN:367,(anonymous_39)
FN:373,(anonymous_40)
FN:389,(anonymous_41)
FN:414,(anonymous_42)
FN:456,(anonymous_43)
FN:459,(anonymous_44)
FN:466,(anonymous_45)
FN:473,(anonymous_46)
FN:485,(anonymous_47)
FN:529,(anonymous_48)
FN:547,(anonymous_49)
FN:553,(anonymous_50)
FN:570,(anonymous_51)
FN:577,(anonymous_52)
FN:584,(anonymous_53)
FN:591,(anonymous_54)
FN:610,(anonymous_55)
FN:611,(anonymous_56)
FN:615,(anonymous_57)
FN:619,(anonymous_58)
FN:636,(anonymous_59)
FN:642,(anonymous_60)
FN:651,(anonymous_61)
FN:657,(anonymous_62)
FN:669,isLoggedIn
FNF:63
FNH:53
FNDA:1,(anonymous_1)
FNDA:0,(anonymous_2)
FNDA:0,(anonymous_3)
FNDA:0,(anonymous_4)
FNDA:0,(anonymous_5)
FNDA:0,(anonymous_6)
FNDA:0,(anonymous_7)
FNDA:1,(anonymous_8)
FNDA:2,(anonymous_9)
FNDA:1,(anonymous_10)
FNDA:1,(anonymous_11)
FNDA:2,(anonymous_12)
FNDA:2,(anonymous_13)
FNDA:2,(anonymous_14)
FNDA:2,(anonymous_15)
FNDA:1,(anonymous_16)
FNDA:1,(anonymous_17)
FNDA:1,(anonymous_18)
FNDA:1,(anonymous_19)
FNDA:1,(anonymous_20)
FNDA:1,(anonymous_21)
FNDA:1,(anonymous_22)
FNDA:1,(anonymous_23)
FNDA:1,(anonymous_24)
FNDA:1,(anonymous_25)
FNDA:1,(anonymous_26)
FNDA:1,(anonymous_27)
FNDA:1,(anonymous_28)
FNDA:1,(anonymous_29)
FNDA:1,(anonymous_30)
FNDA:1,(anonymous_31)
FNDA:1,(anonymous_32)
FNDA:1,(anonymous_33)
FNDA:1,(anonymous_34)
FNDA:1,(anonymous_35)
FNDA:1,(anonymous_36)
FNDA:1,(anonymous_37)
FNDA:1,(anonymous_38)
FNDA:1,(anonymous_39)
FNDA:1,(anonymous_40)
FNDA:1,(anonymous_41)
FNDA:1,(anonymous_42)
FNDA:1,(anonymous_43)
FNDA:1,(anonymous_44)
FNDA:1,(anonymous_45)
FNDA:1,(anonymous_46)
FNDA:1,(anonymous_47)
FNDA:1,(anonymous_48)
FNDA:1,(anonymous_49)
FNDA:1,(anonymous_50)
FNDA:1,(anonymous_51)
FNDA:1,(anonymous_52)
FNDA:1,(anonymous_53)
FNDA:1,(anonymous_54)
FNDA:0,(anonymous_55)
FNDA:0,(anonymous_56)
FNDA:0,(anonymous_57)
FNDA:0,(anonymous_58)
FNDA:1,(anonymous_59)
FNDA:1,(anonymous_60)
FNDA:1,(anonymous_61)
FNDA:1,(anonymous_62)
FNDA:16,isLoggedIn
DA:1,1
DA:2,1
DA:3,1
DA:4,1
DA:5,1
DA:8,1
DA:11,1
DA:12,1
DA:13,1
DA:14,1
DA:15,1
DA:17,1
DA:19,1
DA:20,0
DA:21,0
DA:22,0
DA:23,0
DA:24,0
DA:26,0
DA:27,0
DA:34,1
DA:35,0
DA:42,1
DA:44,0
DA:48,1
DA:58,1
DA:61,0
DA:64,1
DA:75,1
DA:76,1
DA:84,1
DA:85,2
DA:86,2
DA:95,1
DA:98,1
DA:103,1
DA:106,1
DA:120,1
DA:121,1
DA:122,1
DA:123,0
DA:125,1
DA:130,1
DA:131,2
DA:132,2
DA:133,0
DA:135,2
DA:140,1
DA:141,2
DA:143,2
DA:145,0
DA:148,2
DA:149,2
DA:151,2
DA:152,2
DA:153,0
DA:155,2
DA:156,2
DA:162,1
DA:163,1
DA:164,1
DA:165,1
DA:167,1
DA:168,0
DA:171,1
DA:172,1
DA:173,0
DA:176,1
DA:177,1
DA:183,1
DA:184,1
DA:185,1
DA:186,0
DA:188,1
DA:189,1
DA:194,1
DA:195,1
DA:196,1
DA:197,0
DA:199,1
DA:200,1
DA:206,1
DA:208,1
DA:209,1
DA:210,1
DA:212,1
DA:213,1
DA:214,0
DA:216,1
DA:218,1
DA:219,1
DA:220,0
DA:222,1
DA:224,1
DA:225,1
DA:226,0
DA:228,1
DA:230,1
DA:231,36
DA:234,1
DA:235,1
DA:236,1
DA:238,0
DA:240,0
DA:257,1
DA:258,1
DA:259,1
DA:261,1
DA:262,1
DA:263,0
DA:265,1
DA:267,1
DA:268,1
DA:269,0
DA:273,1
DA:275,1
DA:276,1
DA:279,1
DA:280,1
DA:281,0
DA:284,1
DA:285,1
DA:286,1
DA:287,1
DA:289,1
DA:291,1
DA:293,0
DA:295,0
DA:302,1
DA:315,1
DA:316,1
DA:317,1
DA:318,0
DA:320,1
DA:321,1
DA:323,1
DA:324,1
DA:325,0
DA:328,1
DA:333,0
DA:339,1
DA:340,1
DA:341,1
DA:342,0
DA:344,1
DA:345,1
DA:347,1
DA:348,1
DA:349,0
DA:352,1
DA:357,0
DA:363,1
DA:364,1
DA:365,1
DA:367,1
DA:368,1
DA:369,0
DA:371,1
DA:373,1
DA:374,1
DA:375,0
DA:379,1
DA:380,1
DA:382,1
DA:383,1
DA:384,1
DA:385,1
DA:389,1
DA:390,1
DA:391,0
DA:394,1
DA:395,1
DA:396,1
DA:397,1
DA:399,1
DA:401,1
DA:403,0
DA:405,0
DA:412,1
DA:414,1
DA:415,1
DA:416,0
DA:419,1
DA:420,1
DA:422,1
DA:423,1
DA:424,1
DA:425,0
DA:426,0
DA:427,0
DA:428,0
DA:429,0
DA:432,1
DA:433,1
DA:437,1
DA:456,1
DA:457,1
DA:459,1
DA:460,1
DA:461,0
DA:463,1
DA:465,1
DA:466,1
DA:467,1
DA:468,0
DA:471,1
DA:473,1
DA:474,1
DA:475,0
DA:479,1
DA:481,1
DA:482,1
DA:485,1
DA:486,1
DA:487,0
DA:490,1
DA:491,1
DA:492,1
DA:493,1
DA:495,1
DA:497,1
DA:499,0
DA:500,0
DA:507,1
DA:509,1
DA:523,0
DA:529,1
DA:531,1
DA:532,1
DA:533,1
DA:534,1
DA:535,1
DA:536,1
DA:538,1
DA:539,1
DA:540,1
DA:541,1
DA:542,1
DA:543,1
DA:544,1
DA:547,1
DA:548,1
DA:549,0
DA:551,1
DA:553,1
DA:554,1
DA:555,1
DA:557,1
DA:570,1
DA:571,1
DA:573,1
DA:575,1
DA:577,1
DA:578,1
DA:579,0
DA:581,1
DA:583,1
DA:584,1
DA:585,1
DA:586,1
DA:588,1
DA:589,1
DA:591,1
DA:592,1
DA:593,0
DA:595,1
DA:596,1
DA:603,0
DA:610,1
DA:611,0
DA:612,0
DA:613,0
DA:615,0
DA:616,0
DA:617,0
DA:618,0
DA:619,0
DA:620,0
DA:621,0
DA:624,0
DA:629,0
DA:636,1
DA:637,1
DA:639,1
DA:640,1
DA:642,1
DA:643,1
DA:644,0
DA:646,1
DA:651,1
DA:652,1
DA:654,1
DA:655,1
DA:657,1
DA:658,1
DA:659,0
DA:661,1
DA:662,1
DA:669,1
DA:672,16
DA:673,12
DA:676,4
DA:677,4
LF:303
LH:233
BRDA:122,1,0,0
BRDA:122,1,1,1
BRDA:132,2,0,0
BRDA:132,2,1,2
BRDA:143,3,0,0
BRDA:143,3,1,2
BRDA:152,4,0,0
BRDA:152,4,1,2
BRDA:164,5,0,1
BRDA:164,5,1,0
BRDA:167,6,0,0
BRDA:167,6,1,1
BRDA:172,7,0,0
BRDA:172,7,1,1
BRDA:185,8,0,0
BRDA:185,8,1,1
BRDA:196,9,0,0
BRDA:196,9,1,1
BRDA:213,10,0,0
BRDA:213,10,1,1
BRDA:219,11,0,0
BRDA:219,11,1,1
BRDA:225,12,0,0
BRDA:225,12,1,1
BRDA:235,13,0,1
BRDA:235,13,1,0
BRDA:262,14,0,0
BRDA:262,14,1,1
BRDA:268,15,0,0
BRDA:268,15,1,1
BRDA:280,16,0,0
BRDA:280,16,1,1
BRDA:286,17,0,1
BRDA:286,17,1,0
BRDA:293,18,0,0
BRDA:293,18,1,0
BRDA:293,19,0,0
BRDA:293,19,1,0
BRDA:317,20,0,0
BRDA:317,20,1,1
BRDA:320,21,0,1
BRDA:320,21,1,0
BRDA:324,22,0,0
BRDA:324,22,1,1
BRDA:341,23,0,0
BRDA:341,23,1,1
BRDA:344,24,0,1
BRDA:344,24,1,0
BRDA:348,25,0,0
BRDA:348,25,1,1
BRDA:368,26,0,0
BRDA:368,26,1,1
BRDA:374,27,0,0
BRDA:374,27,1,1
BRDA:384,28,0,1
BRDA:384,28,1,0
BRDA:390,29,0,0
BRDA:390,29,1,1
BRDA:396,30,0,1
BRDA:396,30,1,0
BRDA:403,31,0,0
BRDA:403,31,1,0
BRDA:403,32,0,0
BRDA:403,32,1,0
BRDA:415,33,0,0
BRDA:415,33,1,1
BRDA:425,34,0,0
BRDA:425,34,1,0
BRDA:432,35,0,1
BRDA:432,35,1,0
BRDA:460,36,0,0
BRDA:460,36,1,1
BRDA:465,37,0,1
BRDA:465,37,1,0
BRDA:467,38,0,0
BRDA:467,38,1,1
BRDA:474,39,0,0
BRDA:474,39,1,1
BRDA:486,40,0,0
BRDA:486,40,1,1
BRDA:492,41,0,1
BRDA:492,41,1,0
BRDA:499,42,0,0
BRDA:499,42,1,0
BRDA:499,43,0,0
BRDA:499,43,1,0
BRDA:538,44,0,1
BRDA:538,44,1,0
BRDA:538,45,0,1
BRDA:538,45,1,1
BRDA:538,45,2,1
BRDA:538,45,3,1
BRDA:538,45,4,1
BRDA:548,46,0,0
BRDA:548,46,1,1
BRDA:554,47,0,1
BRDA:554,47,1,0
BRDA:554,48,0,1
BRDA:554,48,1,1
BRDA:578,49,0,0
BRDA:578,49,1,1
BRDA:583,50,0,1
BRDA:583,50,1,0
BRDA:585,51,0,1
BRDA:585,51,1,0
BRDA:585,52,0,1
BRDA:585,52,1,1
BRDA:592,53,0,0
BRDA:592,53,1,1
BRDA:612,54,0,0
BRDA:612,54,1,0
BRDA:617,55,0,0
BRDA:617,55,1,0
BRDA:617,56,0,0
BRDA:617,56,1,0
BRDA:620,57,0,0
BRDA:620,57,1,0
BRDA:643,58,0,0
BRDA:643,58,1,1
BRDA:658,59,0,0
BRDA:658,59,1,1
BRDA:672,60,0,12
BRDA:672,60,1,4
BRF:123
BRH:56
end_of_record
TN:
SF:C:\Repositories\CSRaceInRest\app\models\race.js
FNF:0
FNH:0
DA:2,1
DA:5,1
DA:16,1
LF:3
LH:3
BRF:0
BRH:0
end_of_record
TN:
SF:C:\Repositories\CSRaceInRest\app\models\racedeelnemer.js
FNF:0
FNH:0
DA:2,1
DA:5,1
DA:14,1
LF:3
LH:3
BRF:0
BRH:0
end_of_record
TN:
SF:C:\Repositories\CSRaceInRest\app\models\waypoint.js
FNF:0
FNH:0
DA:2,1
DA:19,1
DA:34,1
LF:3
LH:3
BRF:0
BRH:0
end_of_record
