TN:
SF:D:\Documents\GitHub\CSRaceInRest\config\language.js
FNF:0
FNH:0
DA:2,1
LF:1
LH:1
BRF:0
BRH:0
end_of_record
TN:
SF:D:\Documents\GitHub\CSRaceInRest\config\passport.js
FN:5,(anonymous_1)
FN:14,(anonymous_2)
FN:19,(anonymous_3)
FN:20,(anonymous_4)
FN:37,(anonymous_5)
FN:41,(anonymous_6)
FN:45,(anonymous_7)
FN:64,(anonymous_8)
FN:87,(anonymous_9)
FN:91,(anonymous_10)
FN:118,(anonymous_11)
FN:122,(anonymous_12)
FN:128,(anonymous_13)
FN:148,(anonymous_14)
FN:167,(anonymous_15)
FNF:15
FNH:1
FNDA:1,(anonymous_1)
FNDA:0,(anonymous_2)
FNDA:0,(anonymous_3)
FNDA:0,(anonymous_4)
FNDA:0,(anonymous_5)
FNDA:0,(anonymous_6)
FNDA:0,(anonymous_7)
FNDA:0,(anonymous_8)
FNDA:0,(anonymous_9)
FNDA:0,(anonymous_10)
FNDA:0,(anonymous_11)
FNDA:0,(anonymous_12)
FNDA:0,(anonymous_13)
FNDA:0,(anonymous_14)
FNDA:0,(anonymous_15)
DA:2,1
DA:3,1
DA:5,1
DA:14,1
DA:15,0
DA:19,1
DA:20,0
DA:21,0
DA:31,1
DA:41,0
DA:45,0
DA:47,0
DA:50,0
DA:51,0
DA:56,0
DA:59,0
DA:60,0
DA:61,0
DA:64,0
DA:65,0
DA:66,0
DA:81,1
DA:91,0
DA:93,0
DA:96,0
DA:97,0
DA:100,0
DA:101,0
DA:104,0
DA:112,1
DA:122,0
DA:125,0
DA:128,0
DA:129,0
DA:130,0
DA:132,0
DA:134,0
DA:137,0
DA:140,0
DA:141,0
DA:142,0
DA:143,0
DA:144,0
DA:145,0
DA:148,0
DA:149,0
DA:150,0
DA:151,0
DA:158,0
DA:161,0
DA:162,0
DA:163,0
DA:164,0
DA:167,0
DA:168,0
DA:169,0
DA:170,0
LF:57
LH:8
BRDA:47,1,0,0
BRDA:47,1,1,0
BRDA:50,2,0,0
BRDA:50,2,1,0
BRDA:65,3,0,0
BRDA:65,3,1,0
BRDA:93,4,0,0
BRDA:93,4,1,0
BRDA:96,5,0,0
BRDA:96,5,1,0
BRDA:100,6,0,0
BRDA:100,6,1,0
BRDA:125,7,0,0
BRDA:125,7,1,0
BRDA:129,8,0,0
BRDA:129,8,1,0
BRDA:132,9,0,0
BRDA:132,9,1,0
BRDA:149,10,0,0
BRDA:149,10,1,0
BRDA:168,11,0,0
BRDA:168,11,1,0
BRF:22
BRH:0
end_of_record
TN:
SF:D:\Documents\GitHub\CSRaceInRest\config\authorization.js
FN:1,(anonymous_1)
FN:7,(anonymous_2)
FN:13,(anonymous_3)
FN:22,(anonymous_4)
FN:31,(anonymous_5)
FN:40,(anonymous_6)
FN:49,(anonymous_7)
FN:58,(anonymous_8)
FN:60,(anonymous_9)
FN:75,(anonymous_10)
FN:78,(anonymous_11)
FN:94,(anonymous_12)
FNF:12
FNH:1
FNDA:1,(anonymous_1)
FNDA:0,(anonymous_2)
FNDA:0,(anonymous_3)
FNDA:0,(anonymous_4)
FNDA:0,(anonymous_5)
FNDA:0,(anonymous_6)
FNDA:0,(anonymous_7)
FNDA:0,(anonymous_8)
FNDA:0,(anonymous_9)
FNDA:0,(anonymous_10)
FNDA:0,(anonymous_11)
FNDA:0,(anonymous_12)
DA:1,1
DA:2,1
DA:8,0
DA:14,0
DA:15,0
DA:17,0
DA:23,0
DA:24,0
DA:26,0
DA:32,0
DA:33,0
DA:35,0
DA:41,0
DA:42,0
DA:44,0
DA:50,0
DA:51,0
DA:53,0
DA:59,0
DA:60,0
DA:61,0
DA:62,0
DA:64,0
DA:65,0
DA:67,0
DA:70,0
DA:76,0
DA:77,0
DA:78,0
DA:79,0
DA:80,0
DA:81,0
DA:82,0
DA:83,0
DA:85,0
DA:86,0
DA:88,0
DA:95,0
DA:96,0
LF:39
LH:2
BRDA:14,1,0,0
BRDA:14,1,1,0
BRDA:14,2,0,0
BRDA:14,2,1,0
BRDA:14,2,2,0
BRDA:14,2,3,0
BRDA:23,3,0,0
BRDA:23,3,1,0
BRDA:23,4,0,0
BRDA:23,4,1,0
BRDA:23,4,2,0
BRDA:23,4,3,0
BRDA:32,5,0,0
BRDA:32,5,1,0
BRDA:32,6,0,0
BRDA:32,6,1,0
BRDA:32,6,2,0
BRDA:41,7,0,0
BRDA:41,7,1,0
BRDA:41,8,0,0
BRDA:41,8,1,0
BRDA:50,9,0,0
BRDA:50,9,1,0
BRDA:50,10,0,0
BRDA:50,10,1,0
BRDA:50,10,2,0
BRDA:50,10,3,0
BRDA:59,11,0,0
BRDA:59,11,1,0
BRDA:59,12,0,0
BRDA:59,12,1,0
BRDA:61,13,0,0
BRDA:61,13,1,0
BRDA:64,14,0,0
BRDA:64,14,1,0
BRDA:64,15,0,0
BRDA:64,15,1,0
BRDA:76,16,0,0
BRDA:76,16,1,0
BRDA:79,17,0,0
BRDA:79,17,1,0
BRDA:80,18,0,0
BRDA:80,18,1,0
BRDA:85,19,0,0
BRDA:85,19,1,0
BRF:45
BRH:0
end_of_record
TN:
SF:D:\Documents\GitHub\CSRaceInRest\config\apikeys.js
FNF:0
FNH:0
DA:2,1
LF:1
LH:1
BRF:0
BRH:0
end_of_record
TN:
SF:D:\Documents\GitHub\CSRaceInRest\lib\module\databaseHelper.js
FN:8,(anonymous_1)
FN:14,(anonymous_2)
FNF:2
FNH:2
FNDA:1,(anonymous_1)
FNDA:1,(anonymous_2)
DA:8,1
DA:10,1
DA:11,1
DA:14,1
DA:15,1
DA:16,0
DA:19,1
DA:24,1
DA:26,4
DA:28,4
DA:30,4
DA:33,1
LF:12
LH:11
BRDA:15,1,0,0
BRDA:15,1,1,1
BRF:2
BRH:1
end_of_record
TN:
SF:D:\Documents\GitHub\CSRaceInRest\lib\module\returnHelper.js
FN:11,(anonymous_1)
FN:12,(anonymous_2)
FN:15,(anonymous_3)
FN:29,(anonymous_4)
FN:31,(anonymous_5)
FN:40,(anonymous_6)
FN:41,(anonymous_7)
FN:45,(anonymous_8)
FN:47,(anonymous_9)
FN:48,(anonymous_10)
FN:49,(anonymous_11)
FN:52,(anonymous_12)
FN:54,(anonymous_13)
FN:55,(anonymous_14)
FNF:14
FNH:7
FNDA:11,(anonymous_1)
FNDA:5,(anonymous_2)
FNDA:5,(anonymous_3)
FNDA:3,(anonymous_4)
FNDA:0,(anonymous_5)
FNDA:3,(anonymous_6)
FNDA:0,(anonymous_7)
FNDA:0,(anonymous_8)
FNDA:0,(anonymous_9)
FNDA:0,(anonymous_10)
FNDA:0,(anonymous_11)
FNDA:2,(anonymous_12)
FNDA:0,(anonymous_13)
FNDA:2,(anonymous_14)
DA:11,1
DA:12,11
DA:13,5
DA:15,11
DA:16,5
DA:19,0
DA:21,5
DA:22,3
DA:25,2
DA:29,11
DA:30,3
DA:32,0
DA:33,0
DA:34,0
DA:37,0
DA:40,3
DA:41,0
DA:45,11
DA:46,0
DA:47,0
DA:48,0
DA:49,0
DA:52,11
DA:53,2
DA:54,0
DA:55,2
DA:58,11
LF:27
LH:16
BRDA:16,1,0,0
BRDA:16,1,1,0
BRDA:16,1,2,5
BRDA:16,1,3,2
BRDA:21,2,0,3
BRDA:21,2,1,2
BRDA:32,3,0,0
BRDA:32,3,1,0
BRDA:33,4,0,0
BRDA:33,4,1,0
BRF:10
BRH:4
end_of_record
TN:
SF:D:\Documents\GitHub\CSRaceInRest\lib\module\tokenHandler.js
FN:1,(anonymous_1)
FN:4,(anonymous_2)
FN:7,(anonymous_3)
FN:10,(anonymous_4)
FNF:4
FNH:4
FNDA:1,(anonymous_1)
FNDA:15,(anonymous_2)
FNDA:11,(anonymous_3)
FNDA:4,(anonymous_4)
DA:1,1
DA:2,1
DA:3,1
DA:4,1
DA:5,15
DA:7,1
DA:8,11
DA:9,11
DA:10,4
DA:11,4
DA:12,4
DA:13,4
DA:14,4
DA:17,1
LF:14
LH:14
BRDA:8,1,0,0
BRDA:8,1,1,11
BRDA:9,2,0,7
BRDA:9,2,1,4
BRDA:11,3,0,0
BRDA:11,3,1,4
BRDA:12,4,0,0
BRDA:12,4,1,4
BRF:8
BRH:5
end_of_record
TN:
SF:D:\Documents\GitHub\CSRaceInRest\lib\module\authHandler.js
FN:3,(anonymous_1)
FN:11,(anonymous_2)
FN:12,(anonymous_3)
FN:19,(anonymous_4)
FN:31,(anonymous_5)
FNF:5
FNH:5
FNDA:1,(anonymous_1)
FNDA:3,(anonymous_2)
FNDA:2,(anonymous_3)
FNDA:1,(anonymous_4)
FNDA:1,(anonymous_5)
DA:1,1
DA:3,1
DA:4,1
DA:5,1
DA:6,1
DA:7,1
DA:9,1
DA:11,1
DA:12,3
DA:13,2
DA:14,0
DA:16,2
DA:19,1
DA:20,1
DA:21,8
DA:22,21
DA:23,1
DA:27,0
DA:29,1
DA:32,1
LF:20
LH:18
BRDA:13,1,0,0
BRDA:13,1,1,2
BRDA:22,2,0,1
BRDA:22,2,1,20
BRF:4
BRH:3
end_of_record
TN:
SF:D:\Documents\GitHub\CSRaceInRest\lib\module\colorizer.js
FN:15,(anonymous_1)
FN:17,(anonymous_2)
FN:42,(anonymous_3)
FN:52,(anonymous_4)
FNF:4
FNH:1
FNDA:1,(anonymous_1)
FNDA:0,(anonymous_2)
FNDA:0,(anonymous_3)
FNDA:0,(anonymous_4)
DA:15,1
DA:16,1
DA:17,1
DA:18,0
DA:19,0
DA:20,0
DA:22,1
DA:42,1
DA:43,0
DA:44,0
DA:45,0
DA:46,0
DA:47,0
DA:49,0
DA:51,1
DA:53,0
LF:16
LH:6
BRDA:18,1,0,0
BRDA:18,1,1,0
BRDA:43,2,0,0
BRDA:43,2,1,0
BRDA:43,3,0,0
BRDA:43,3,1,0
BRF:6
BRH:0
end_of_record
TN:
SF:D:\Documents\GitHub\CSRaceInRest\lib\module\translator.js
FN:31,(anonymous_1)
FN:42,(anonymous_2)
FN:45,(anonymous_3)
FN:53,(anonymous_4)
FN:69,(anonymous_5)
FN:73,(anonymous_6)
FNF:6
FNH:3
FNDA:1,(anonymous_1)
FNDA:11,(anonymous_2)
FNDA:0,(anonymous_3)
FNDA:0,(anonymous_4)
FNDA:11,(anonymous_5)
FNDA:0,(anonymous_6)
DA:31,1
DA:32,1
DA:37,1
DA:38,1
DA:39,1
DA:40,1
DA:42,1
DA:43,11
DA:45,1
DA:46,0
DA:47,0
DA:51,0
DA:53,1
DA:54,0
DA:55,0
DA:57,0
DA:61,0
DA:63,0
DA:68,1
DA:70,11
DA:71,11
DA:74,0
DA:75,0
DA:77,0
DA:78,0
DA:82,0
LF:26
LH:13
BRDA:32,1,0,1
BRDA:32,1,1,0
BRDA:54,2,0,0
BRDA:54,2,1,0
BRDA:61,3,0,0
BRDA:61,3,1,0
BRDA:74,4,0,0
BRDA:74,4,1,0
BRDA:78,5,0,0
BRDA:78,5,1,0
BRDA:78,5,2,0
BRDA:78,5,3,0
BRF:12
BRH:1
end_of_record
TN:
SF:D:\Documents\GitHub\CSRaceInRest\routes\RaceRouter.js
FN:18,(anonymous_1)
FN:27,(anonymous_2)
FN:35,(anonymous_3)
FN:36,(anonymous_4)
FN:42,(anonymous_5)
FN:45,(anonymous_6)
FN:52,(anonymous_7)
FN:59,(anonymous_8)
FNF:8
FNH:4
FNDA:0,(anonymous_1)
FNDA:1,(anonymous_2)
FNDA:1,(anonymous_3)
FNDA:1,(anonymous_4)
FNDA:1,(anonymous_5)
FNDA:0,(anonymous_6)
FNDA:0,(anonymous_7)
FNDA:0,(anonymous_8)
DA:1,1
DA:2,1
DA:4,1
DA:5,1
DA:6,1
DA:8,1
DA:9,1
DA:19,0
DA:27,1
DA:30,1
DA:31,1
DA:34,1
DA:35,1
DA:37,1
DA:43,1
DA:46,0
DA:51,1
DA:53,0
DA:54,0
DA:58,1
DA:60,0
DA:61,0
DA:65,1
DA:66,1
DA:68,1
LF:25
LH:19
BRF:0
BRH:0
end_of_record
TN:
SF:D:\Documents\GitHub\CSRaceInRest\lib\CrudRouter.js
FN:38,(anonymous_1)
FN:43,(anonymous_2)
FN:44,(anonymous_3)
FN:53,(anonymous_4)
FN:54,(anonymous_5)
FN:74,(anonymous_6)
FN:75,(anonymous_7)
FN:79,(anonymous_8)
FN:80,(anonymous_9)
FNF:9
FNH:6
FNDA:2,(anonymous_1)
FNDA:0,(anonymous_2)
FNDA:0,(anonymous_3)
FNDA:4,(anonymous_4)
FNDA:2,(anonymous_5)
FNDA:3,(anonymous_6)
FNDA:0,(anonymous_7)
FNDA:1,(anonymous_8)
FNDA:1,(anonymous_9)
DA:38,1
DA:42,2
DA:43,0
DA:44,0
DA:48,2
DA:49,2
DA:50,2
DA:53,2
DA:54,4
DA:55,2
DA:56,2
DA:57,2
DA:58,2
DA:59,2
DA:60,17
DA:64,0
DA:66,2
DA:67,0
DA:68,0
DA:69,0
DA:71,2
DA:74,2
DA:75,3
DA:76,0
DA:79,2
DA:80,1
DA:81,1
DA:85,2
DA:87,2
DA:88,2
DA:89,2
DA:91,2
DA:94,2
DA:97,1
DA:98,1
DA:99,1
DA:101,1
DA:104,2
DA:106,2
DA:109,2
DA:111,2
DA:114,2
DA:116,2
DA:117,2
DA:118,2
DA:120,2
DA:123,2
DA:125,1
DA:126,1
DA:127,1
DA:129,1
LF:51
LH:44
BRDA:42,1,0,2
BRDA:42,1,1,0
BRDA:48,2,0,2
BRDA:48,2,1,0
BRDA:49,3,0,2
BRDA:49,3,1,0
BRDA:50,4,0,2
BRDA:50,4,1,0
BRDA:56,5,0,2
BRDA:56,5,1,0
BRDA:66,6,0,0
BRDA:66,6,1,2
BRDA:85,7,0,2
BRDA:85,7,1,0
BRDA:94,8,0,1
BRDA:94,8,1,1
BRDA:104,9,0,2
BRDA:104,9,1,0
BRDA:104,10,0,2
BRDA:104,10,1,0
BRDA:104,10,2,0
BRDA:109,11,0,2
BRDA:109,11,1,0
BRDA:114,12,0,2
BRDA:114,12,1,0
BRDA:123,13,0,1
BRDA:123,13,1,1
BRF:27
BRH:15
end_of_record
TN:
SF:D:\Documents\GitHub\CSRaceInRest\routes\subrouter\WaypointSubrouter.js
FN:4,(anonymous_1)
FN:7,(anonymous_2)
FN:8,(anonymous_3)
FN:13,(anonymous_4)
FN:18,(anonymous_5)
FN:25,(anonymous_6)
FN:37,(anonymous_7)
FN:38,(anonymous_8)
FNF:8
FNH:6
FNDA:1,(anonymous_1)
FNDA:1,(anonymous_2)
FNDA:1,(anonymous_3)
FNDA:1,(anonymous_4)
FNDA:1,(anonymous_5)
FNDA:1,(anonymous_6)
FNDA:0,(anonymous_7)
FNDA:0,(anonymous_8)
DA:1,1
DA:2,1
DA:4,1
DA:6,1
DA:7,1
DA:9,1
DA:13,1
DA:14,1
DA:15,1
DA:16,1
DA:18,1
DA:19,1
DA:21,1
DA:22,1
DA:25,1
DA:26,1
DA:27,1
DA:30,0
DA:35,1
DA:37,0
DA:39,0
DA:43,1
LF:22
LH:19
BRDA:19,1,0,1
BRDA:19,1,1,0
BRDA:19,2,0,1
BRDA:19,2,1,1
BRF:4
BRH:3
end_of_record
TN:
SF:D:\Documents\GitHub\CSRaceInRest\routes\subrouter\ParticipantSubrouter.js
FN:4,(anonymous_1)
FN:7,(anonymous_2)
FN:8,(anonymous_3)
FN:20,(anonymous_4)
FN:21,(anonymous_5)
FN:33,(anonymous_6)
FN:34,(anonymous_7)
FN:35,(anonymous_8)
FNF:8
FNH:1
FNDA:1,(anonymous_1)
FNDA:0,(anonymous_2)
FNDA:0,(anonymous_3)
FNDA:0,(anonymous_4)
FNDA:0,(anonymous_5)
FNDA:0,(anonymous_6)
FNDA:0,(anonymous_7)
FNDA:0,(anonymous_8)
DA:1,1
DA:2,1
DA:4,1
DA:6,1
DA:7,0
DA:9,0
DA:10,0
DA:11,0
DA:13,0
DA:18,1
DA:21,0
DA:22,0
DA:23,0
DA:26,0
DA:32,1
DA:33,0
DA:35,0
DA:36,0
DA:37,0
DA:38,0
DA:40,0
DA:46,1
LF:22
LH:7
BRDA:10,1,0,0
BRDA:10,1,1,0
BRDA:22,2,0,0
BRDA:22,2,1,0
BRDA:37,3,0,0
BRDA:37,3,1,0
BRF:6
BRH:0
end_of_record
TN:
SF:D:\Documents\GitHub\CSRaceInRest\routes\Userrouter.js
FN:19,(anonymous_1)
FN:23,(anonymous_2)
FN:25,(anonymous_3)
FN:28,(anonymous_4)
FN:34,(anonymous_5)
FN:35,(anonymous_6)
FN:45,(anonymous_7)
FN:46,(anonymous_8)
FNF:8
FNH:3
FNDA:1,(anonymous_1)
FNDA:1,(anonymous_2)
FNDA:2,(anonymous_3)
FNDA:0,(anonymous_4)
FNDA:0,(anonymous_5)
FNDA:0,(anonymous_6)
FNDA:0,(anonymous_7)
FNDA:0,(anonymous_8)
DA:1,1
DA:2,1
DA:3,1
DA:5,1
DA:6,1
DA:19,1
DA:22,1
DA:23,1
DA:26,2
DA:29,0
DA:34,1
DA:35,0
DA:36,0
DA:37,0
DA:39,0
DA:44,1
DA:45,0
DA:47,0
DA:51,1
LF:19
LH:12
BRDA:36,1,0,0
BRDA:36,1,1,0
BRF:2
BRH:0
end_of_record
TN:
SF:D:\Documents\GitHub\CSRaceInRest\routes\AuthRouter.js
FN:7,(anonymous_1)
FN:16,(anonymous_2)
FN:32,(anonymous_3)
FN:47,(anonymous_4)
FNF:4
FNH:1
FNDA:1,(anonymous_1)
FNDA:0,(anonymous_2)
FNDA:0,(anonymous_3)
FNDA:0,(anonymous_4)
DA:1,1
DA:2,1
DA:5,1
DA:7,1
DA:10,1
DA:16,1
DA:18,0
DA:22,1
DA:32,1
DA:35,0
DA:38,1
DA:47,1
DA:48,0
DA:49,0
DA:53,1
DA:55,1
LF:16
LH:12
BRF:0
BRH:0
end_of_record
TN:
SF:D:\Documents\GitHub\CSRaceInRest\routes\GoogleRouter.js
FN:4,(anonymous_1)
FNF:1
FNH:1
FNDA:1,(anonymous_1)
DA:1,1
DA:2,1
DA:4,1
DA:12,1
DA:15,1
DA:18,1
DA:24,1
DA:27,1
DA:32,1
LF:9
LH:9
BRF:0
BRH:0
end_of_record
TN:
SF:D:\Documents\GitHub\CSRaceInRest\lib\schema\RaceSchema.js
FN:1,(anonymous_1)
FN:12,(anonymous_2)
FN:16,(anonymous_3)
FN:20,(anonymous_4)
FN:21,(anonymous_5)
FN:33,(anonymous_6)
FN:37,(anonymous_7)
FN:43,(anonymous_8)
FN:52,(anonymous_9)
FN:55,(anonymous_10)
FN:63,(anonymous_11)
FN:70,(anonymous_12)
FN:74,(anonymous_13)
FN:75,(anonymous_14)
FN:84,(anonymous_15)
FN:91,(anonymous_16)
FN:104,(anonymous_17)
FN:114,(anonymous_18)
FN:119,(anonymous_19)
FNF:19
FNH:2
FNDA:1,(anonymous_1)
FNDA:0,(anonymous_2)
FNDA:0,(anonymous_3)
FNDA:0,(anonymous_4)
FNDA:0,(anonymous_5)
FNDA:0,(anonymous_6)
FNDA:0,(anonymous_7)
FNDA:0,(anonymous_8)
FNDA:0,(anonymous_9)
FNDA:0,(anonymous_10)
FNDA:0,(anonymous_11)
FNDA:0,(anonymous_12)
FNDA:0,(anonymous_13)
FNDA:0,(anonymous_14)
FNDA:0,(anonymous_15)
FNDA:0,(anonymous_16)
FNDA:14,(anonymous_17)
FNDA:0,(anonymous_18)
FNDA:0,(anonymous_19)
DA:1,1
DA:3,1
DA:12,1
DA:16,1
DA:20,1
DA:21,0
DA:22,0
DA:23,0
DA:25,0
DA:33,1
DA:34,0
DA:35,0
DA:36,0
DA:37,0
DA:38,0
DA:43,1
DA:44,0
DA:45,0
DA:46,0
DA:47,0
DA:48,0
DA:49,0
DA:52,1
DA:53,0
DA:54,0
DA:55,0
DA:56,0
DA:63,1
DA:64,0
DA:65,0
DA:66,0
DA:67,0
DA:70,1
DA:71,0
DA:74,1
DA:75,0
DA:76,0
DA:77,0
DA:79,0
DA:84,1
DA:85,0
DA:86,0
DA:87,0
DA:91,0
DA:92,0
DA:93,0
DA:97,0
DA:98,0
DA:99,0
DA:104,1
DA:105,14
DA:106,14
DA:107,14
DA:114,1
DA:115,0
DA:119,1
DA:120,0
DA:123,1
LF:58
LH:19
BRDA:22,1,0,0
BRDA:22,1,1,0
BRDA:34,2,0,0
BRDA:34,2,1,0
BRDA:38,3,0,0
BRDA:38,3,1,0
BRDA:44,4,0,0
BRDA:44,4,1,0
BRDA:46,5,0,0
BRDA:46,5,1,0
BRDA:56,6,0,0
BRDA:56,6,1,0
BRDA:76,7,0,0
BRDA:76,7,1,0
BRDA:85,8,0,0
BRDA:85,8,1,0
BRDA:85,9,0,0
BRDA:85,9,1,0
BRDA:92,10,0,0
BRDA:92,10,1,0
BRF:20
BRH:0
end_of_record
TN:
SF:D:\Documents\GitHub\CSRaceInRest\lib\repository\RaceRepository.js
FN:1,(anonymous_1)
FN:7,(anonymous_2)
FN:8,(anonymous_3)
FN:9,(anonymous_4)
FN:18,(anonymous_5)
FN:22,(anonymous_6)
FN:24,(anonymous_7)
FN:37,(anonymous_8)
FN:38,(anonymous_9)
FN:39,(anonymous_10)
FN:50,(anonymous_11)
FNF:11
FNH:9
FNDA:1,(anonymous_1)
FNDA:2,(anonymous_2)
FNDA:0,(anonymous_3)
FNDA:1,(anonymous_4)
FNDA:1,(anonymous_5)
FNDA:1,(anonymous_6)
FNDA:1,(anonymous_7)
FNDA:1,(anonymous_8)
FNDA:1,(anonymous_9)
FNDA:1,(anonymous_10)
FNDA:0,(anonymous_11)
DA:1,1
DA:2,1
DA:4,1
DA:7,1
DA:8,2
DA:9,2
DA:10,1
DA:11,1
DA:13,1
DA:14,0
DA:18,1
DA:19,1
DA:20,1
DA:21,1
DA:22,1
DA:23,1
DA:24,1
DA:25,1
DA:26,1
DA:30,1
DA:37,1
DA:38,1
DA:39,1
DA:40,1
DA:41,1
DA:42,1
DA:43,1
DA:44,1
DA:46,1
DA:48,0
DA:49,0
DA:50,0
DA:51,0
DA:52,0
DA:58,1
LF:35
LH:29
BRDA:8,1,0,2
BRDA:8,1,1,0
BRDA:13,2,0,0
BRDA:13,2,1,1
BRDA:13,3,0,1
BRDA:13,3,1,0
BRDA:19,4,0,0
BRDA:19,4,1,1
BRDA:20,5,0,0
BRDA:20,5,1,1
BRDA:23,6,0,0
BRDA:23,6,1,1
BRDA:25,7,0,0
BRDA:25,7,1,1
BRDA:40,8,0,1
BRDA:40,8,1,0
BRDA:41,9,0,1
BRDA:41,9,1,0
BRDA:41,10,0,1
BRDA:41,10,1,1
BRDA:48,11,0,0
BRDA:48,11,1,0
BRF:22
BRH:11
end_of_record
TN:
SF:D:\Documents\GitHub\CSRaceInRest\lib\schema\UserSchema.js
FN:5,(anonymous_1)
FN:34,(anonymous_2)
FN:38,(anonymous_3)
FN:42,(anonymous_4)
FN:46,(anonymous_5)
FN:50,(anonymous_6)
FN:55,(anonymous_7)
FNF:7
FNH:2
FNDA:1,(anonymous_1)
FNDA:0,(anonymous_2)
FNDA:0,(anonymous_3)
FNDA:0,(anonymous_4)
FNDA:0,(anonymous_5)
FNDA:0,(anonymous_6)
FNDA:4,(anonymous_7)
DA:1,1
DA:2,1
DA:3,1
DA:5,1
DA:7,1
DA:34,1
DA:35,0
DA:38,1
DA:39,0
DA:42,1
DA:43,0
DA:46,1
DA:50,1
DA:55,1
DA:56,4
DA:57,4
DA:58,4
DA:61,1
LF:18
LH:15
BRF:0
BRH:0
end_of_record
TN:
SF:D:\Documents\GitHub\CSRaceInRest\lib\repository\UserRepository.js
FN:1,(anonymous_1)
FN:5,(anonymous_2)
FNF:2
FNH:1
FNDA:1,(anonymous_1)
FNDA:0,(anonymous_2)
DA:1,1
DA:2,1
DA:5,1
DA:7,0
DA:10,1
LF:5
LH:4
BRF:0
BRH:0
end_of_record
TN:
SF:D:\Documents\GitHub\CSRaceInRest\lib\schema\WaypointSchema.js
FN:1,(anonymous_1)
FN:22,(anonymous_2)
FN:26,(anonymous_3)
FN:31,(anonymous_4)
FN:35,(anonymous_5)
FN:49,(anonymous_6)
FNF:6
FNH:2
FNDA:1,(anonymous_1)
FNDA:0,(anonymous_2)
FNDA:0,(anonymous_3)
FNDA:0,(anonymous_4)
FNDA:1,(anonymous_5)
FNDA:0,(anonymous_6)
DA:1,1
DA:3,1
DA:22,1
DA:26,1
DA:31,1
DA:32,0
DA:35,1
DA:36,1
DA:37,1
DA:38,1
DA:49,1
DA:50,0
DA:53,1
LF:13
LH:11
BRF:0
BRH:0
end_of_record
TN:
SF:D:\Documents\GitHub\CSRaceInRest\lib\repository\WaypointRepository.js
FN:1,(anonymous_1)
FN:6,(anonymous_2)
FN:7,(anonymous_3)
FN:8,(anonymous_4)
FNF:4
FNH:2
FNDA:1,(anonymous_1)
FNDA:1,(anonymous_2)
FNDA:0,(anonymous_3)
FNDA:0,(anonymous_4)
DA:1,1
DA:2,1
DA:4,1
DA:6,1
DA:7,1
DA:8,0
DA:9,0
DA:10,0
DA:11,0
DA:16,1
LF:10
LH:6
BRDA:9,1,0,0
BRDA:9,1,1,0
BRF:2
BRH:0
end_of_record
TN:
SF:D:\Documents\GitHub\CSRaceInRest\lib\schema\ParticipantSchema.js
FN:1,(anonymous_1)
FN:14,(anonymous_2)
FN:19,(anonymous_3)
FN:25,(anonymous_4)
FN:29,(anonymous_5)
FN:30,(anonymous_6)
FN:40,(anonymous_7)
FN:46,(anonymous_8)
FNF:8
FNH:1
FNDA:1,(anonymous_1)
FNDA:0,(anonymous_2)
FNDA:0,(anonymous_3)
FNDA:0,(anonymous_4)
FNDA:0,(anonymous_5)
FNDA:0,(anonymous_6)
FNDA:0,(anonymous_7)
FNDA:0,(anonymous_8)
DA:1,1
DA:3,1
DA:14,1
DA:15,0
DA:19,1
DA:20,0
DA:25,1
DA:26,0
DA:29,1
DA:30,0
DA:31,0
DA:32,0
DA:33,0
DA:35,0
DA:40,1
DA:41,0
DA:42,0
DA:43,0
DA:46,1
DA:47,0
DA:48,0
DA:49,0
DA:52,1
LF:23
LH:9
BRDA:20,1,0,0
BRDA:20,1,1,0
BRDA:31,2,0,0
BRDA:31,2,1,0
BRF:4
BRH:0
end_of_record
TN:
SF:D:\Documents\GitHub\CSRaceInRest\lib\repository\ParticipantRepository.js
FN:1,(anonymous_1)
FN:5,(anonymous_2)
FNF:2
FNH:1
FNDA:1,(anonymous_1)
FNDA:0,(anonymous_2)
DA:1,1
DA:2,1
DA:5,1
DA:7,0
DA:10,1
LF:5
LH:4
BRF:0
BRH:0
end_of_record
